This file contains any messages produced by compilers while
running configure, to aid debugging if configure makes a mistake.

It was created by libvorbis configure 1.3.7, which was
generated by GNU Autoconf 2.69.  Invocation command line was

  $ ./configure --host=x86_64-w64-mingw32

## --------- ##
## Platform. ##
## --------- ##

hostname = Pereira
uname -m = x86_64
uname -r = 3.2.0(0.340/5/3)
uname -s = CYGWIN_NT-10.0
uname -v = 2021-03-29 08:42

/usr/bin/uname -p = unknown
/bin/uname -X     = unknown

/bin/arch              = x86_64
/usr/bin/arch -k       = unknown
/usr/convex/getsysinfo = unknown
/usr/bin/hostinfo      = unknown
/bin/machine           = unknown
/usr/bin/oslevel       = unknown
/bin/universe          = unknown

PATH: /usr/local/bin
PATH: /usr/bin
PATH: /cygdrive/c/WINDOWS/system32
PATH: /cygdrive/c/WINDOWS
PATH: /cygdrive/c/WINDOWS/System32/Wbem
PATH: /cygdrive/c/WINDOWS/System32/WindowsPowerShell/v1.0
PATH: /cygdrive/c/WINDOWS/System32/OpenSSH
PATH: /cygdrive/c/TDM-GCC-64_header_ricardo/bin
PATH: /cygdrive/c/Program Files/dotnet
PATH: /cygdrive/c/Program Files/Git/cmd
PATH: C
PATH: /cygdrive/c/Users/User/AppData/Local/Microsoft/WindowsApps
PATH: /cygdrive/c/Users/User/.dotnet/tools


## ----------- ##
## Core tests. ##
## ----------- ##

configure:2374: checking build system type
configure:2388: result: x86_64-unknown-cygwin
configure:2408: checking host system type
configure:2421: result: x86_64-w64-mingw32
configure:2458: checking for a BSD-compatible install
configure:2526: result: /usr/bin/install -c
configure:2537: checking whether build environment is sane
configure:2592: result: yes
configure:2651: checking for x86_64-w64-mingw32-strip
configure:2667: found /usr/bin/x86_64-w64-mingw32-strip
configure:2678: result: x86_64-w64-mingw32-strip
configure:2743: checking for a thread-safe mkdir -p
configure:2782: result: /usr/bin/mkdir -p
configure:2789: checking for gawk
configure:2805: found /usr/bin/gawk
configure:2816: result: gawk
configure:2827: checking whether make sets $(MAKE)
configure:2849: result: yes
configure:2878: checking whether make supports nested variables
configure:2895: result: yes
configure:3022: checking whether to enable maintainer-specific portions of Makefiles
configure:3031: result: no
configure:3059: checking whether make supports nested variables
configure:3076: result: yes
configure:3121: checking for x86_64-w64-mingw32-gcc
configure:3137: found /usr/bin/x86_64-w64-mingw32-gcc
configure:3148: result: x86_64-w64-mingw32-gcc
configure:3417: checking for C compiler version
configure:3426: x86_64-w64-mingw32-gcc --version >&5
x86_64-w64-mingw32-gcc (GCC) 11.2.0
Copyright (C) 2021 Free Software Foundation, Inc.
This is free software; see the source for copying conditions.  There is NO
warranty; not even for MERCHANTABILITY or FITNESS FOR A PARTICULAR PURPOSE.

configure:3437: $? = 0
configure:3426: x86_64-w64-mingw32-gcc -v >&5
Using built-in specs.
COLLECT_GCC=x86_64-w64-mingw32-gcc
COLLECT_LTO_WRAPPER=/usr/lib/gcc/x86_64-w64-mingw32/11/lto-wrapper.exe
Target: x86_64-w64-mingw32
Configured with: /mnt/share/cygpkgs/mingw64-x86_64-gcc/mingw64-x86_64-gcc.x86_64/src/gcc-11.2.0/configure --srcdir=/mnt/share/cygpkgs/mingw64-x86_64-gcc/mingw64-x86_64-gcc.x86_64/src/gcc-11.2.0 --prefix=/usr --exec-prefix=/usr --localstatedir=/var --sysconfdir=/etc --docdir=/usr/share/doc/mingw64-x86_64-gcc --htmldir=/usr/share/doc/mingw64-x86_64-gcc/html -C --build=x86_64-pc-cygwin --host=x86_64-pc-cygwin --target=x86_64-w64-mingw32 --without-libiconv-prefix --without-libintl-prefix --with-sysroot=/usr/x86_64-w64-mingw32/sys-root --with-build-sysroot=/usr/x86_64-w64-mingw32/sys-root --disable-multilib --disable-win32-registry --enable-languages=c,c++,fortran,lto,objc,obj-c++ --enable-fully-dynamic-string --enable-graphite --enable-libgomp --enable-libquadmath --enable-libquadmath-support --enable-libssp --enable-version-specific-runtime-libs --enable-libgomp --enable-libada --with-dwarf2 --with-gcc-major-version-only --with-gnu-ld --with-gnu-as --with-tune=generic --with-cloog-include=/usr/include/cloog-isl --with-system-zlib --enable-threads=posix --libexecdir=/usr/lib
Thread model: posix
Supported LTO compression algorithms: zlib zstd
gcc version 11.2.0 (GCC) 
configure:3437: $? = 0
configure:3426: x86_64-w64-mingw32-gcc -V >&5
x86_64-w64-mingw32-gcc: error: unrecognized command-line option '-V'
x86_64-w64-mingw32-gcc: fatal error: no input files
compilation terminated.
configure:3437: $? = 1
configure:3426: x86_64-w64-mingw32-gcc -qversion >&5
x86_64-w64-mingw32-gcc: error: unrecognized command-line option '-qversion'; did you mean '--version'?
x86_64-w64-mingw32-gcc: fatal error: no input files
compilation terminated.
configure:3437: $? = 1
configure:3457: checking whether the C compiler works
configure:3479: x86_64-w64-mingw32-gcc    conftest.c  >&5
configure:3483: $? = 0
configure:3531: result: yes
configure:3534: checking for C compiler default output file name
configure:3536: result: a.exe
configure:3542: checking for suffix of executables
configure:3549: x86_64-w64-mingw32-gcc -o conftest.exe    conftest.c  >&5
configure:3553: $? = 0
configure:3575: result: .exe
configure:3597: checking whether we are cross compiling
configure:3605: x86_64-w64-mingw32-gcc -o conftest.exe    conftest.c  >&5
configure:3609: $? = 0
configure:3616: ./conftest.exe
configure:3620: $? = 0
configure:3635: result: no
configure:3640: checking for suffix of object files
configure:3662: x86_64-w64-mingw32-gcc -c   conftest.c >&5
configure:3666: $? = 0
configure:3687: result: o
configure:3691: checking whether we are using the GNU C compiler
configure:3710: x86_64-w64-mingw32-gcc -c   conftest.c >&5
configure:3710: $? = 0
configure:3719: result: yes
configure:3728: checking whether x86_64-w64-mingw32-gcc accepts -g
configure:3748: x86_64-w64-mingw32-gcc -c -g  conftest.c >&5
configure:3748: $? = 0
configure:3789: result: yes
configure:3806: checking for x86_64-w64-mingw32-gcc option to accept ISO C89
configure:3869: x86_64-w64-mingw32-gcc  -c -g -O2  conftest.c >&5
configure:3869: $? = 0
configure:3882: result: none needed
configure:3907: checking whether x86_64-w64-mingw32-gcc understands -c and -o together
configure:3929: x86_64-w64-mingw32-gcc -c conftest.c -o conftest2.o
configure:3932: $? = 0
configure:3929: x86_64-w64-mingw32-gcc -c conftest.c -o conftest2.o
configure:3932: $? = 0
configure:3944: result: yes
configure:3964: checking whether make supports the include directive
configure:3979: make -f confmf.GNU && cat confinc.out
this is the am__doit target
configure:3982: $? = 0
configure:4001: result: yes (GNU style)
configure:4026: checking dependency style of x86_64-w64-mingw32-gcc
configure:4137: result: gcc3
configure:4157: checking how to run the C preprocessor
configure:4188: x86_64-w64-mingw32-gcc -E  conftest.c
configure:4188: $? = 0
configure:4202: x86_64-w64-mingw32-gcc -E  conftest.c
conftest.c:11:10: fatal error: ac_nonexistent.h: No such file or directory
   11 | #include <ac_nonexistent.h>
      |          ^~~~~~~~~~~~~~~~~~
compilation terminated.
configure:4202: $? = 1
configure: failed program was:
| /* confdefs.h */
| #define PACKAGE_NAME "libvorbis"
| #define PACKAGE_TARNAME "libvorbis"
| #define PACKAGE_VERSION "1.3.7"
| #define PACKAGE_STRING "libvorbis 1.3.7"
| #define PACKAGE_BUGREPORT "vorbis-dev@xiph.org"
| #define PACKAGE_URL ""
| #define PACKAGE "libvorbis"
| #define VERSION "1.3.7"
| /* end confdefs.h.  */
| #include <ac_nonexistent.h>
configure:4227: result: x86_64-w64-mingw32-gcc -E
configure:4247: x86_64-w64-mingw32-gcc -E  conftest.c
configure:4247: $? = 0
configure:4261: x86_64-w64-mingw32-gcc -E  conftest.c
conftest.c:11:10: fatal error: ac_nonexistent.h: No such file or directory
   11 | #include <ac_nonexistent.h>
      |          ^~~~~~~~~~~~~~~~~~
compilation terminated.
configure:4261: $? = 1
configure: failed program was:
| /* confdefs.h */
| #define PACKAGE_NAME "libvorbis"
| #define PACKAGE_TARNAME "libvorbis"
| #define PACKAGE_VERSION "1.3.7"
| #define PACKAGE_STRING "libvorbis 1.3.7"
| #define PACKAGE_BUGREPORT "vorbis-dev@xiph.org"
| #define PACKAGE_URL ""
| #define PACKAGE "libvorbis"
| #define VERSION "1.3.7"
| /* end confdefs.h.  */
| #include <ac_nonexistent.h>
configure:4292: checking for inline
configure:4308: x86_64-w64-mingw32-gcc -c   conftest.c >&5
configure:4308: $? = 0
configure:4316: result: inline
configure:4342: checking for x86_64-w64-mingw32-as
configure:4358: found /usr/bin/x86_64-w64-mingw32-as
configure:4369: result: x86_64-w64-mingw32-as
configure:4434: checking for x86_64-w64-mingw32-dlltool
configure:4450: found /usr/bin/x86_64-w64-mingw32-dlltool
configure:4461: result: x86_64-w64-mingw32-dlltool
configure:4526: checking for x86_64-w64-mingw32-objdump
configure:4542: found /usr/bin/x86_64-w64-mingw32-objdump
configure:4553: result: x86_64-w64-mingw32-objdump
configure:4684: checking how to print strings
configure:4711: result: printf
configure:4732: checking for a sed that does not truncate output
configure:4796: result: /usr/bin/sed
configure:4814: checking for grep that handles long lines and -e
configure:4872: result: /usr/bin/grep
configure:4877: checking for egrep
configure:4939: result: /usr/bin/grep -E
configure:4944: checking for fgrep
configure:5006: result: /usr/bin/grep -F
configure:5041: checking for ld used by x86_64-w64-mingw32-gcc
configure:5108: result: /usr/x86_64-w64-mingw32/bin/ld.exe
configure:5115: checking if the linker (/usr/x86_64-w64-mingw32/bin/ld.exe) is GNU ld
configure:5130: result: yes
configure:5142: checking for BSD- or MS-compatible name lister (nm)
configure:5196: result: /usr/bin/x86_64-w64-mingw32-nm -B
configure:5326: checking the name lister (/usr/bin/x86_64-w64-mingw32-nm -B) interface
configure:5333: x86_64-w64-mingw32-gcc -c   conftest.c >&5
configure:5336: /usr/bin/x86_64-w64-mingw32-nm -B "conftest.o"
configure:5339: output
0000000000000000 b .bss
0000000000000000 d .data
0000000000000000 r .rdata$zzz
0000000000000000 t .text
0000000000000000 B some_variable
configure:5346: result: BSD nm
configure:5349: checking whether ln -s works
configure:5353: result: yes
configure:5361: checking the maximum length of command line arguments
configure:5492: result: 8192
configure:5540: checking how to convert x86_64-unknown-cygwin file names to x86_64-w64-mingw32 format
configure:5580: result: func_convert_file_cygwin_to_w32
configure:5587: checking how to convert x86_64-unknown-cygwin file names to toolchain format
configure:5607: result: func_convert_file_noop
configure:5614: checking for /usr/x86_64-w64-mingw32/bin/ld.exe option to reload object files
configure:5621: result: -r
configure:5655: checking for x86_64-w64-mingw32-objdump
configure:5682: result: x86_64-w64-mingw32-objdump
configure:5751: checking how to recognize dependent libraries
configure:5951: result: file_magic ^x86 archive import|^x86 DLL
configure:5996: checking for x86_64-w64-mingw32-dlltool
configure:6023: result: x86_64-w64-mingw32-dlltool
configure:6093: checking how to associate runtime and link libraries
configure:6120: result: func_cygming_dll_for_implib
configure:6136: checking for x86_64-w64-mingw32-ar
configure:6152: found /usr/bin/x86_64-w64-mingw32-ar
configure:6163: result: x86_64-w64-mingw32-ar
configure:6244: checking for archiver @FILE support
configure:6261: x86_64-w64-mingw32-gcc -c   conftest.c >&5
configure:6261: $? = 0
configure:6264: x86_64-w64-mingw32-ar cr libconftest.a @conftest.lst >&5
configure:6267: $? = 0
configure:6272: x86_64-w64-mingw32-ar cr libconftest.a @conftest.lst >&5
x86_64-w64-mingw32-ar: conftest.o: No such file or directory
configure:6275: $? = 1
configure:6287: result: @
configure:6305: checking for x86_64-w64-mingw32-strip
configure:6332: result: x86_64-w64-mingw32-strip
configure:6404: checking for x86_64-w64-mingw32-ranlib
configure:6420: found /usr/bin/x86_64-w64-mingw32-ranlib
configure:6431: result: x86_64-w64-mingw32-ranlib
configure:6573: checking command to parse /usr/bin/x86_64-w64-mingw32-nm -B output from x86_64-w64-mingw32-gcc object
configure:6726: x86_64-w64-mingw32-gcc -c   conftest.c >&5
configure:6729: $? = 0
configure:6733: /usr/bin/x86_64-w64-mingw32-nm -B conftest.o | sed -n -e 's/^.*[	 ]\([ABCDGIRSTW][ABCDGIRSTW]*\)[	 ][	 ]*\([_A-Za-z][_A-Za-z0-9]*\)$/\1 \2 \2/p' | sed '/ __gnu_lto/d' > conftest.nm
configure:6799: x86_64-w64-mingw32-gcc -o conftest.exe    conftest.c conftstm.o >&5
configure:6802: $? = 0
configure:6840: result: ok
configure:6887: checking for sysroot
configure:6917: result: no
configure:6924: checking for a working dd
configure:6962: result: /usr/bin/dd
configure:6966: checking how to truncate binary pipes
configure:6981: result: /usr/bin/dd bs=4096 count=1
configure:7270: checking for x86_64-w64-mingw32-mt
configure:7300: result: no
configure:7310: checking for mt
configure:7340: result: no
configure:7360: checking if : is a manifest tool
configure:7366: : '-?'
configure:7374: result: no
configure:8047: checking for ANSI C header files
configure:8067: x86_64-w64-mingw32-gcc -c   conftest.c >&5
configure:8067: $? = 0
configure:8140: x86_64-w64-mingw32-gcc -o conftest.exe    conftest.c  >&5
configure:8140: $? = 0
configure:8140: ./conftest.exe
configure:8140: $? = 0
configure:8151: result: yes
configure:8164: checking for sys/types.h
configure:8164: x86_64-w64-mingw32-gcc -c   conftest.c >&5
configure:8164: $? = 0
configure:8164: result: yes
configure:8164: checking for sys/stat.h
configure:8164: x86_64-w64-mingw32-gcc -c   conftest.c >&5
configure:8164: $? = 0
configure:8164: result: yes
configure:8164: checking for stdlib.h
configure:8164: x86_64-w64-mingw32-gcc -c   conftest.c >&5
configure:8164: $? = 0
configure:8164: result: yes
configure:8164: checking for string.h
configure:8164: x86_64-w64-mingw32-gcc -c   conftest.c >&5
configure:8164: $? = 0
configure:8164: result: yes
configure:8164: checking for memory.h
configure:8164: x86_64-w64-mingw32-gcc -c   conftest.c >&5
configure:8164: $? = 0
configure:8164: result: yes
configure:8164: checking for strings.h
configure:8164: x86_64-w64-mingw32-gcc -c   conftest.c >&5
configure:8164: $? = 0
configure:8164: result: yes
configure:8164: checking for inttypes.h
configure:8164: x86_64-w64-mingw32-gcc -c   conftest.c >&5
configure:8164: $? = 0
configure:8164: result: yes
configure:8164: checking for stdint.h
configure:8164: x86_64-w64-mingw32-gcc -c   conftest.c >&5
configure:8164: $? = 0
configure:8164: result: yes
configure:8164: checking for unistd.h
configure:8164: x86_64-w64-mingw32-gcc -c   conftest.c >&5
configure:8164: $? = 0
configure:8164: result: yes
configure:8178: checking for dlfcn.h
configure:8178: x86_64-w64-mingw32-gcc -c   conftest.c >&5
conftest.c:55:10: fatal error: dlfcn.h: No such file or directory
   55 | #include <dlfcn.h>
      |          ^~~~~~~~~
compilation terminated.
configure:8178: $? = 1
configure: failed program was:
| /* confdefs.h */
| #define PACKAGE_NAME "libvorbis"
| #define PACKAGE_TARNAME "libvorbis"
| #define PACKAGE_VERSION "1.3.7"
| #define PACKAGE_STRING "libvorbis 1.3.7"
| #define PACKAGE_BUGREPORT "vorbis-dev@xiph.org"
| #define PACKAGE_URL ""
| #define PACKAGE "libvorbis"
| #define VERSION "1.3.7"
| #define STDC_HEADERS 1
| #define HAVE_SYS_TYPES_H 1
| #define HAVE_SYS_STAT_H 1
| #define HAVE_STDLIB_H 1
| #define HAVE_STRING_H 1
| #define HAVE_MEMORY_H 1
| #define HAVE_STRINGS_H 1
| #define HAVE_INTTYPES_H 1
| #define HAVE_STDINT_H 1
| #define HAVE_UNISTD_H 1
| /* end confdefs.h.  */
| #include <stdio.h>
| #ifdef HAVE_SYS_TYPES_H
| # include <sys/types.h>
| #endif
| #ifdef HAVE_SYS_STAT_H
| # include <sys/stat.h>
| #endif
| #ifdef STDC_HEADERS
| # include <stdlib.h>
| # include <stddef.h>
| #else
| # ifdef HAVE_STDLIB_H
| #  include <stdlib.h>
| # endif
| #endif
| #ifdef HAVE_STRING_H
| # if !defined STDC_HEADERS && defined HAVE_MEMORY_H
| #  include <memory.h>
| # endif
| # include <string.h>
| #endif
| #ifdef HAVE_STRINGS_H
| # include <strings.h>
| #endif
| #ifdef HAVE_INTTYPES_H
| # include <inttypes.h>
| #endif
| #ifdef HAVE_STDINT_H
| # include <stdint.h>
| #endif
| #ifdef HAVE_UNISTD_H
| # include <unistd.h>
| #endif
| 
| #include <dlfcn.h>
configure:8178: result: no
configure:8432: checking for objdir
configure:8447: result: .libs
configure:8711: checking if x86_64-w64-mingw32-gcc supports -fno-rtti -fno-exceptions
configure:8729: x86_64-w64-mingw32-gcc -c   -fno-rtti -fno-exceptions conftest.c >&5
cc1: warning: command-line option '-fno-rtti' is valid for C++/D/ObjC++ but not for C
configure:8733: $? = 0
configure:8746: result: no
configure:9110: checking for x86_64-w64-mingw32-gcc option to produce PIC
configure:9117: result: -DDLL_EXPORT -DPIC
configure:9125: checking if x86_64-w64-mingw32-gcc PIC flag -DDLL_EXPORT -DPIC works
configure:9143: x86_64-w64-mingw32-gcc -c   -DDLL_EXPORT -DPIC -DPIC conftest.c >&5
configure:9147: $? = 0
configure:9160: result: yes
configure:9189: checking if x86_64-w64-mingw32-gcc static flag -static works
configure:9217: result: yes
configure:9232: checking if x86_64-w64-mingw32-gcc supports -c -o file.o
configure:9253: x86_64-w64-mingw32-gcc -c   -o out/conftest2.o conftest.c >&5
configure:9257: $? = 0
configure:9279: result: yes
configure:9287: checking if x86_64-w64-mingw32-gcc supports -c -o file.o
configure:9334: result: yes
configure:9367: checking whether the x86_64-w64-mingw32-gcc linker (/usr/x86_64-w64-mingw32/bin/ld.exe) supports shared libraries
configure:10630: result: yes
configure:10667: checking whether -lc should be explicitly linked in
configure:10675: x86_64-w64-mingw32-gcc -c   conftest.c >&5
configure:10678: $? = 0
configure:10693: x86_64-w64-mingw32-gcc -shared conftest.o  -v -o ./conftest -Wl,--enable-auto-image-base -Xlinker --out-implib -Xlinker conftest 2\>\&1 \| /usr/bin/grep  -lc  \>/dev/null 2\>\&1
configure:10696: $? = 1
configure:10710: result: yes
configure:10870: checking dynamic linker characteristics
configure:11700: result: Win32 ld.exe
configure:11822: checking how to hardcode library paths into programs
configure:11847: result: immediate
configure:12395: checking whether stripping libraries is possible
configure:12400: result: yes
configure:12435: checking if libtool supports shared libraries
configure:12437: result: yes
configure:12440: checking whether to build shared libraries
configure:12465: result: yes
configure:12468: checking whether to build static libraries
configure:12472: result: yes
configure:12713: checking GCC version
configure:12716: result: 11
configure:12857: checking if x86_64-w64-mingw32-gcc accepts -Wdeclaration-after-statement
configure:12872: x86_64-w64-mingw32-gcc -o conftest.exe -O3 -Wall -Wextra -D__NO_MATH_INLINES -fsigned-char -Wdeclaration-after-statement   conftest.c  >&5
configure:12872: $? = 0
configure:12873: result: yes
configure:12887: checking for memory.h
configure:12887: result: yes
configure:12899: checking for cos in -lm
configure:12924: x86_64-w64-mingw32-gcc -o conftest.exe -O3 -Wall -Wextra -D__NO_MATH_INLINES -fsigned-char -Wdeclaration-after-statement  -DUSE_MEMORY_H   conftest.c -lm   >&5
conftest.c:29:6: warning: conflicting types for built-in function 'cos'; expected 'double(double)' [-Wbuiltin-declaration-mismatch]
   29 | char cos ();
      |      ^~~
conftest.c:1:1: note: 'cos' is declared in header '<math.h>'
    1 | /* confdefs.h */
configure:12924: $? = 0
configure:12933: result: yes
configure:12941: checking for pthread_create in -lpthread
configure:12966: x86_64-w64-mingw32-gcc -o conftest.exe -O3 -Wall -Wextra -D__NO_MATH_INLINES -fsigned-char -Wdeclaration-after-statement  -DUSE_MEMORY_H   conftest.c -lpthread   >&5
configure:12966: $? = 0
configure:12975: result: yes
configure:12990: checking for x86_64-w64-mingw32-pkg-config
configure:13008: found /usr/bin/x86_64-w64-mingw32-pkg-config
configure:13020: result: /usr/bin/x86_64-w64-mingw32-pkg-config
configure:13088: checking pkg-config is at least version 0.9.0
configure:13091: result: yes
configure:13106: checking for OGG
configure:13114: $PKG_CONFIG --exists --print-errors "ogg >= 1.0"
configure:13117: $? = 0
configure:13132: $PKG_CONFIG --exists --print-errors "ogg >= 1.0"
configure:13135: $? = 0
configure:13171: result: yes
configure:13354: checking for size_t
configure:13354: x86_64-w64-mingw32-gcc -c -O3 -Wall -Wextra -D__NO_MATH_INLINES -fsigned-char -Wdeclaration-after-statement  -DUSE_MEMORY_H  conftest.c >&5
configure:13354: $? = 0
configure:13354: x86_64-w64-mingw32-gcc -c -O3 -Wall -Wextra -D__NO_MATH_INLINES -fsigned-char -Wdeclaration-after-statement  -DUSE_MEMORY_H  conftest.c >&5
conftest.c: In function 'main':
conftest.c:58:21: error: expected expression before ')' token
   58 | if (sizeof ((size_t)))
      |                     ^
configure:13354: $? = 1
configure: failed program was:
| /* confdefs.h */
| #define PACKAGE_NAME "libvorbis"
| #define PACKAGE_TARNAME "libvorbis"
| #define PACKAGE_VERSION "1.3.7"
| #define PACKAGE_STRING "libvorbis 1.3.7"
| #define PACKAGE_BUGREPORT "vorbis-dev@xiph.org"
| #define PACKAGE_URL ""
| #define PACKAGE "libvorbis"
| #define VERSION "1.3.7"
| #define STDC_HEADERS 1
| #define HAVE_SYS_TYPES_H 1
| #define HAVE_SYS_STAT_H 1
| #define HAVE_STDLIB_H 1
| #define HAVE_STRING_H 1
| #define HAVE_MEMORY_H 1
| #define HAVE_STRINGS_H 1
| #define HAVE_INTTYPES_H 1
| #define HAVE_STDINT_H 1
| #define HAVE_UNISTD_H 1
| #define LT_OBJDIR ".libs/"
| /* end confdefs.h.  */
| #include <stdio.h>
| #ifdef HAVE_SYS_TYPES_H
| # include <sys/types.h>
| #endif
| #ifdef HAVE_SYS_STAT_H
| # include <sys/stat.h>
| #endif
| #ifdef STDC_HEADERS
| # include <stdlib.h>
| # include <stddef.h>
| #else
| # ifdef HAVE_STDLIB_H
| #  include <stdlib.h>
| # endif
| #endif
| #ifdef HAVE_STRING_H
| # if !defined STDC_HEADERS && defined HAVE_MEMORY_H
| #  include <memory.h>
| # endif
| # include <string.h>
| #endif
| #ifdef HAVE_STRINGS_H
| # include <strings.h>
| #endif
| #ifdef HAVE_INTTYPES_H
| # include <inttypes.h>
| #endif
| #ifdef HAVE_STDINT_H
| # include <stdint.h>
| #endif
| #ifdef HAVE_UNISTD_H
| # include <unistd.h>
| #endif
| int
| main ()
| {
| if (sizeof ((size_t)))
| 	    return 0;
|   ;
|   return 0;
| }
configure:13354: result: yes
configure:13367: checking for working alloca.h
configure:13384: x86_64-w64-mingw32-gcc -o conftest.exe -O3 -Wall -Wextra -D__NO_MATH_INLINES -fsigned-char -Wdeclaration-after-statement  -DUSE_MEMORY_H   conftest.c  >&5
conftest.c:22:10: fatal error: alloca.h: No such file or directory
   22 | #include <alloca.h>
      |          ^~~~~~~~~~
compilation terminated.
configure:13384: $? = 1
configure: failed program was:
| /* confdefs.h */
| #define PACKAGE_NAME "libvorbis"
| #define PACKAGE_TARNAME "libvorbis"
| #define PACKAGE_VERSION "1.3.7"
| #define PACKAGE_STRING "libvorbis 1.3.7"
| #define PACKAGE_BUGREPORT "vorbis-dev@xiph.org"
| #define PACKAGE_URL ""
| #define PACKAGE "libvorbis"
| #define VERSION "1.3.7"
| #define STDC_HEADERS 1
| #define HAVE_SYS_TYPES_H 1
| #define HAVE_SYS_STAT_H 1
| #define HAVE_STDLIB_H 1
| #define HAVE_STRING_H 1
| #define HAVE_MEMORY_H 1
| #define HAVE_STRINGS_H 1
| #define HAVE_INTTYPES_H 1
| #define HAVE_STDINT_H 1
| #define HAVE_UNISTD_H 1
| #define LT_OBJDIR ".libs/"
| /* end confdefs.h.  */
| #include <alloca.h>
| int
| main ()
| {
| char *p = (char *) alloca (2 * sizeof (int));
| 			  if (p) return 0;
|   ;
|   return 0;
| }
configure:13392: result: no
configure:13400: checking for alloca
configure:13437: x86_64-w64-mingw32-gcc -o conftest.exe -O3 -Wall -Wextra -D__NO_MATH_INLINES -fsigned-char -Wdeclaration-after-statement  -DUSE_MEMORY_H   conftest.c  >&5
configure:13437: $? = 0
configure:13445: result: yes
configure:13551: checking for working memcmp
configure:13594: x86_64-w64-mingw32-gcc -o conftest.exe -O3 -Wall -Wextra -D__NO_MATH_INLINES -fsigned-char -Wdeclaration-after-statement  -DUSE_MEMORY_H   conftest.c  >&5
configure:13594: $? = 0
configure:13594: ./conftest.exe
configure:13594: $? = 0
configure:13604: result: yes
configure:13736: checking that generated files are newer than configure
configure:13742: result: done
configure:13781: creating ./config.status

## ---------------------- ##
## Running config.status. ##
## ---------------------- ##

This file was extended by libvorbis config.status 1.3.7, which was
generated by GNU Autoconf 2.69.  Invocation command line was

  CONFIG_FILES    = 
  CONFIG_HEADERS  = 
  CONFIG_LINKS    = 
  CONFIG_COMMANDS = 
  $ ./config.status 

on Pereira

config.status:1154: creating Makefile
config.status:1154: creating m4/Makefile
config.status:1154: creating lib/Makefile
config.status:1154: creating lib/modes/Makefile
config.status:1154: creating lib/books/Makefile
config.status:1154: creating lib/books/coupled/Makefile
config.status:1154: creating lib/books/uncoupled/Makefile
config.status:1154: creating lib/books/floor/Makefile
config.status:1154: creating doc/Makefile
config.status:1154: creating doc/vorbisfile/Makefile
config.status:1154: creating doc/vorbisenc/Makefile
config.status:1154: creating doc/libvorbis/Makefile
config.status:1154: creating doc/Doxyfile
config.status:1154: creating include/Makefile
config.status:1154: creating include/vorbis/Makefile
config.status:1154: creating examples/Makefile
config.status:1154: creating test/Makefile
config.status:1154: creating vq/Makefile
config.status:1154: creating libvorbis.spec
config.status:1154: creating vorbis.pc
config.status:1154: creating vorbisenc.pc
config.status:1154: creating vorbisfile.pc
config.status:1154: creating vorbis-uninstalled.pc
config.status:1154: creating vorbisenc-uninstalled.pc
config.status:1154: creating vorbisfile-uninstalled.pc
config.status:1154: creating config.h
config.status:1335: config.h is unchanged
config.status:1383: executing depfiles commands
config.status:1460: cd lib       && sed -e '/# am--include-marker/d' Makefile         | make -f - am--depfiles
make: Nothing to be done for 'am--depfiles'.
config.status:1465: $? = 0
config.status:1460: cd examples       && sed -e '/# am--include-marker/d' Makefile         | make -f - am--depfiles
make: Nothing to be done for 'am--depfiles'.
config.status:1465: $? = 0
config.status:1460: cd test       && sed -e '/# am--include-marker/d' Makefile         | make -f - am--depfiles
make: Nothing to be done for 'am--depfiles'.
config.status:1465: $? = 0
config.status:1460: cd vq       && sed -e '/# am--include-marker/d' Makefile         | make -f - am--depfiles
make: Nothing to be done for 'am--depfiles'.
config.status:1465: $? = 0
config.status:1383: executing libtool commands

## ---------------- ##
## Cache variables. ##
## ---------------- ##

ac_cv_build=x86_64-unknown-cygwin
ac_cv_c_compiler_gnu=yes
ac_cv_c_inline=inline
ac_cv_env_CC_set=
ac_cv_env_CC_value=
ac_cv_env_CFLAGS_set=
ac_cv_env_CFLAGS_value=
ac_cv_env_CPPFLAGS_set=
ac_cv_env_CPPFLAGS_value=
ac_cv_env_CPP_set=
ac_cv_env_CPP_value=
ac_cv_env_LDFLAGS_set=
ac_cv_env_LDFLAGS_value=
ac_cv_env_LIBS_set=
ac_cv_env_LIBS_value=
ac_cv_env_LT_SYS_LIBRARY_PATH_set=
ac_cv_env_LT_SYS_LIBRARY_PATH_value=
ac_cv_env_OGG_CFLAGS_set=
ac_cv_env_OGG_CFLAGS_value=
ac_cv_env_OGG_LIBS_set=
ac_cv_env_OGG_LIBS_value=
ac_cv_env_PKG_CONFIG_set=
ac_cv_env_PKG_CONFIG_value=
ac_cv_env_build_alias_set=
ac_cv_env_build_alias_value=
ac_cv_env_host_alias_set=set
ac_cv_env_host_alias_value=x86_64-w64-mingw32
ac_cv_env_target_alias_set=
ac_cv_env_target_alias_value=
ac_cv_exeext=.exe
ac_cv_func_alloca_works=yes
ac_cv_func_memcmp_working=yes
ac_cv_header_dlfcn_h=no
ac_cv_header_inttypes_h=yes
ac_cv_header_memory_h=yes
ac_cv_header_stdc=yes
ac_cv_header_stdint_h=yes
ac_cv_header_stdlib_h=yes
ac_cv_header_string_h=yes
ac_cv_header_strings_h=yes
ac_cv_header_sys_stat_h=yes
ac_cv_header_sys_types_h=yes
ac_cv_header_unistd_h=yes
ac_cv_host=x86_64-w64-mingw32
ac_cv_lib_m_cos=yes
ac_cv_lib_pthread_pthread_create=yes
ac_cv_objext=o
ac_cv_path_EGREP='/usr/bin/grep -E'
ac_cv_path_FGREP='/usr/bin/grep -F'
ac_cv_path_GREP=/usr/bin/grep
ac_cv_path_PKG_CONFIG=/usr/bin/x86_64-w64-mingw32-pkg-config
ac_cv_path_SED=/usr/bin/sed
ac_cv_path_install='/usr/bin/install -c'
ac_cv_path_lt_DD=/usr/bin/dd
ac_cv_path_mkdir=/usr/bin/mkdir
ac_cv_prog_AR=x86_64-w64-mingw32-ar
ac_cv_prog_AS=x86_64-w64-mingw32-as
ac_cv_prog_AWK=gawk
ac_cv_prog_CC=x86_64-w64-mingw32-gcc
ac_cv_prog_CPP='x86_64-w64-mingw32-gcc -E'
ac_cv_prog_DLLTOOL=x86_64-w64-mingw32-dlltool
ac_cv_prog_OBJDUMP=x86_64-w64-mingw32-objdump
ac_cv_prog_RANLIB=x86_64-w64-mingw32-ranlib
ac_cv_prog_STRIP=x86_64-w64-mingw32-strip
ac_cv_prog_cc_c89=
ac_cv_prog_cc_g=yes
ac_cv_prog_make_make_set=yes
ac_cv_type_size_t=yes
ac_cv_working_alloca_h=no
am_cv_CC_dependencies_compiler_type=gcc3
am_cv_make_support_nested_variables=yes
am_cv_prog_cc_c_o=yes
lt_cv_ar_at_file=@
lt_cv_archive_cmds_need_lc=yes
lt_cv_deplibs_check_method='file_magic ^x86 archive import|^x86 DLL'
lt_cv_file_magic_cmd=func_win32_libid
lt_cv_file_magic_test_file=
lt_cv_ld_reload_flag=-r
lt_cv_nm_interface='BSD nm'
lt_cv_objdir=.libs
lt_cv_path_LD=/usr/x86_64-w64-mingw32/bin/ld.exe
lt_cv_path_NM='/usr/bin/x86_64-w64-mingw32-nm -B'
lt_cv_path_mainfest_tool=no
lt_cv_prog_compiler_c_o=yes
lt_cv_prog_compiler_pic='-DDLL_EXPORT -DPIC'
lt_cv_prog_compiler_pic_works=yes
lt_cv_prog_compiler_rtti_exceptions=no
lt_cv_prog_compiler_static_works=yes
lt_cv_prog_gnu_ld=yes
lt_cv_sharedlib_from_linklib_cmd=func_cygming_dll_for_implib
lt_cv_sys_global_symbol_pipe='sed -n -e '\''s/^.*[	 ]\([ABCDGIRSTW][ABCDGIRSTW]*\)[	 ][	 ]*\([_A-Za-z][_A-Za-z0-9]*\)$/\1 \2 \2/p'\'' | sed '\''/ __gnu_lto/d'\'''
lt_cv_sys_global_symbol_to_c_name_address='sed -n -e '\''s/^: \(.*\) .*$/  {"\1", (void *) 0},/p'\'' -e '\''s/^[ABCDGIRSTW][ABCDGIRSTW]* .* \(.*\)$/  {"\1", (void *) \&\1},/p'\'''
lt_cv_sys_global_symbol_to_c_name_address_lib_prefix='sed -n -e '\''s/^: \(.*\) .*$/  {"\1", (void *) 0},/p'\'' -e '\''s/^[ABCDGIRSTW][ABCDGIRSTW]* .* \(lib.*\)$/  {"\1", (void *) \&\1},/p'\'' -e '\''s/^[ABCDGIRSTW][ABCDGIRSTW]* .* \(.*\)$/  {"lib\1", (void *) \&\1},/p'\'''
lt_cv_sys_global_symbol_to_cdecl='sed -n -e '\''s/^T .* \(.*\)$/extern int \1();/p'\'' -e '\''s/^[ABCDGIRSTW][ABCDGIRSTW]* .* \(.*\)$/extern char \1;/p'\'''
lt_cv_sys_global_symbol_to_import=
lt_cv_sys_max_cmd_len=8192
lt_cv_to_host_file_cmd=func_convert_file_cygwin_to_w32
lt_cv_to_tool_file_cmd=func_convert_file_noop
lt_cv_truncate_bin='/usr/bin/dd bs=4096 count=1'
pkg_cv_OGG_CFLAGS=
pkg_cv_OGG_LIBS='-logg '

## ----------------- ##
## Output variables. ##
## ----------------- ##

ACLOCAL='${SHELL} /cygdrive/c/Ava/back/src_ogg_vorbis/libvorbis-1.3.7/missing aclocal-1.16'
ACLOCAL_AMFLAGS='-I m4'
ALLOCA=''
AMDEPBACKSLASH='\'
AMDEP_FALSE='#'
AMDEP_TRUE=''
AMTAR='$${TAR-tar}'
AM_BACKSLASH='\'
AM_DEFAULT_V='$(AM_DEFAULT_VERBOSITY)'
AM_DEFAULT_VERBOSITY='0'
AM_V='$(V)'
AR='x86_64-w64-mingw32-ar'
AS='x86_64-w64-mingw32-as'
AUTOCONF='${SHELL} /cygdrive/c/Ava/back/src_ogg_vorbis/libvorbis-1.3.7/missing autoconf'
AUTOHEADER='${SHELL} /cygdrive/c/Ava/back/src_ogg_vorbis/libvorbis-1.3.7/missing autoheader'
AUTOMAKE='${SHELL} /cygdrive/c/Ava/back/src_ogg_vorbis/libvorbis-1.3.7/missing automake-1.16'
AWK='gawk'
BUILD_DOCS_FALSE=''
BUILD_DOCS_TRUE='#'
BUILD_EXAMPLES_FALSE=''
BUILD_EXAMPLES_TRUE='#'
CC='x86_64-w64-mingw32-gcc'
CCDEPMODE='depmode=gcc3'
CFLAGS='-O3 -Wall -Wextra -D__NO_MATH_INLINES -fsigned-char -Wdeclaration-after-statement  -DUSE_MEMORY_H'
CPP='x86_64-w64-mingw32-gcc -E'
CPPFLAGS=''
CYGPATH_W='cygpath -w'
DEBUG='-g -Wall -Wextra -D__NO_MATH_INLINES -fsigned-char'
DEFS='-DHAVE_CONFIG_H'
DEPDIR='.deps'
DLLTOOL='x86_64-w64-mingw32-dlltool'
DSYMUTIL=''
DUMPBIN=''
ECHO_C=''
ECHO_N='-n'
ECHO_T=''
EGREP='/usr/bin/grep -E'
EXEEXT='.exe'
FGREP='/usr/bin/grep -F'
GREP='/usr/bin/grep'
HAVE_DOXYGEN='false'
HAVE_DOXYGEN_FALSE=''
HAVE_DOXYGEN_TRUE='#'
HTLATEX=''
INSTALL_DATA='${INSTALL} -m 644'
INSTALL_PROGRAM='${INSTALL}'
INSTALL_SCRIPT='${INSTALL}'
INSTALL_STRIP_PROGRAM='$(install_sh) -c -s'
LD='/usr/x86_64-w64-mingw32/bin/ld.exe'
LDFLAGS=''
LIBOBJS=''
LIBS=''
LIBTOOL='$(SHELL) $(top_builddir)/libtool'
LIBTOOL_DEPS='./ltmain.sh'
LIPO=''
LN_S='ln -s'
LTLIBOBJS=''
LT_SYS_LIBRARY_PATH=''
MAINT='#'
MAINTAINER_MODE_FALSE=''
MAINTAINER_MODE_TRUE='#'
MAKEINFO='${SHELL} /cygdrive/c/Ava/back/src_ogg_vorbis/libvorbis-1.3.7/missing makeinfo'
MANIFEST_TOOL=':'
MKDIR_P='/usr/bin/mkdir -p'
NM='/usr/bin/x86_64-w64-mingw32-nm -B'
NMEDIT=''
OBJDUMP='x86_64-w64-mingw32-objdump'
OBJEXT='o'
OGG_CFLAGS=''
OGG_LIBS='-logg '
OTOOL64=''
OTOOL=''
PACKAGE='libvorbis'
PACKAGE_BUGREPORT='vorbis-dev@xiph.org'
PACKAGE_NAME='libvorbis'
PACKAGE_STRING='libvorbis 1.3.7'
PACKAGE_TARNAME='libvorbis'
PACKAGE_URL=''
PACKAGE_VERSION='1.3.7'
PATH_SEPARATOR=':'
PDFLATEX=''
PKG_CONFIG='/usr/bin/x86_64-w64-mingw32-pkg-config'
PROFILE='-O3 -g -pg -D__NO_MATH_INLINES -fsigned-char'
RANLIB='x86_64-w64-mingw32-ranlib'
SED='/usr/bin/sed'
SET_MAKE=''
SHELL='/bin/sh'
STRIP='x86_64-w64-mingw32-strip'
VERSION='1.3.7'
VE_LIB_AGE='0'
VE_LIB_CURRENT='2'
VE_LIB_REVISION='12'
VF_LIB_AGE='3'
VF_LIB_CURRENT='6'
VF_LIB_REVISION='8'
VORBIS_LIBS='-lm'
V_LIB_AGE='4'
V_LIB_CURRENT='4'
V_LIB_REVISION='9'
ac_ct_AR=''
ac_ct_CC=''
ac_ct_DUMPBIN=''
am__EXEEXT_FALSE='#'
am__EXEEXT_TRUE=''
am__fastdepCC_FALSE='#'
am__fastdepCC_TRUE=''
am__include='include'
am__isrc=''
am__leading_dot='.'
am__nodep='_no'
am__quote=''
am__tar='$${TAR-tar} chof - "$$tardir"'
am__untar='$${TAR-tar} xf -'
bindir='${exec_prefix}/bin'
build='x86_64-unknown-cygwin'
build_alias=''
build_cpu='x86_64'
build_os='cygwin'
build_vendor='unknown'
datadir='${datarootdir}'
datarootdir='${prefix}/share'
docdir='${datarootdir}/doc/${PACKAGE_TARNAME}'
dvidir='${docdir}'
exec_prefix='${prefix}'
host='x86_64-w64-mingw32'
host_alias='x86_64-w64-mingw32'
host_cpu='x86_64'
host_os='mingw32'
host_vendor='w64'
htmldir='${docdir}'
includedir='${prefix}/include'
infodir='${datarootdir}/info'
install_sh='${SHELL} /cygdrive/c/Ava/back/src_ogg_vorbis/libvorbis-1.3.7/install-sh'
libdir='${exec_prefix}/lib'
libexecdir='${exec_prefix}/libexec'
localedir='${datarootdir}/locale'
localstatedir='${prefix}/var'
mandir='${datarootdir}/man'
mkdir_p='$(MKDIR_P)'
oldincludedir='/usr/include'
pdfdir='${docdir}'
prefix='/usr/local'
program_transform_name='s,x,x,'
psdir='${docdir}'
pthread_lib='-lpthread'
runstatedir='${localstatedir}/run'
sbindir='${exec_prefix}/sbin'
sharedstatedir='${prefix}/com'
sysconfdir='${prefix}/etc'
target_alias=''

## ----------- ##
## confdefs.h. ##
## ----------- ##

/* confdefs.h */
#define PACKAGE_NAME "libvorbis"
#define PACKAGE_TARNAME "libvorbis"
#define PACKAGE_VERSION "1.3.7"
#define PACKAGE_STRING "libvorbis 1.3.7"
#define PACKAGE_BUGREPORT "vorbis-dev@xiph.org"
#define PACKAGE_URL ""
#define PACKAGE "libvorbis"
#define VERSION "1.3.7"
#define STDC_HEADERS 1
#define HAVE_SYS_TYPES_H 1
#define HAVE_SYS_STAT_H 1
#define HAVE_STDLIB_H 1
#define HAVE_STRING_H 1
#define HAVE_MEMORY_H 1
#define HAVE_STRINGS_H 1
#define HAVE_INTTYPES_H 1
#define HAVE_STDINT_H 1
#define HAVE_UNISTD_H 1
#define LT_OBJDIR ".libs/"
#define HAVE_ALLOCA 1

configure: exit 0
