This file contains any messages produced by compilers while
running configure, to aid debugging if configure makes a mistake.

It was created by flac configure 1.3.3, which was
generated by GNU Autoconf 2.69.  Invocation command line was

  $ ./configure --host=x86_64-w64-mingw32

## --------- ##
## Platform. ##
## --------- ##

hostname = Pereira
uname -m = x86_64
uname -r = 3.3.1(0.341/5/3)
uname -s = CYGWIN_NT-10.0
uname -v = 2021-10-28 20:52

/usr/bin/uname -p = unknown
/bin/uname -X     = unknown

/bin/arch              = x86_64
/usr/bin/arch -k       = unknown
/usr/convex/getsysinfo = unknown
/usr/bin/hostinfo      = unknown
/bin/machine           = unknown
/usr/bin/oslevel       = unknown
/bin/universe          = unknown

PATH: /usr/local/bin
PATH: /usr/bin
PATH: /cygdrive/c/WINDOWS/system32
PATH: /cygdrive/c/WINDOWS
PATH: /cygdrive/c/WINDOWS/System32/Wbem
PATH: /cygdrive/c/WINDOWS/System32/WindowsPowerShell/v1.0
PATH: /cygdrive/c/WINDOWS/System32/OpenSSH
PATH: /cygdrive/c/TDM-GCC-64_header_ricardo/bin
PATH: /cygdrive/c/Program Files/dotnet
PATH: /cygdrive/c/Program Files/Git/cmd
PATH: C
PATH: /cygdrive/c/Users/User/AppData/Local/Microsoft/WindowsApps
PATH: /cygdrive/c/Users/User/.dotnet/tools


## ----------- ##
## Core tests. ##
## ----------- ##

configure:2794: checking for a BSD-compatible install
configure:2862: result: /usr/bin/install -c
configure:2873: checking whether build environment is sane
configure:2928: result: yes
configure:2987: checking for x86_64-w64-mingw32-strip
configure:3003: found /usr/bin/x86_64-w64-mingw32-strip
configure:3014: result: x86_64-w64-mingw32-strip
configure:3079: checking for a thread-safe mkdir -p
configure:3118: result: /usr/bin/mkdir -p
configure:3125: checking for gawk
configure:3141: found /usr/bin/gawk
configure:3152: result: gawk
configure:3163: checking whether make sets $(MAKE)
configure:3185: result: yes
configure:3214: checking whether make supports nested variables
configure:3231: result: yes
configure:3310: checking how to create a pax tar archive
configure:3321: tar --version
bsdtar 3.3.2 - libarchive 3.3.2 zlib/1.2.5.f-ipp
configure:3324: $? = 0
configure:3364: tardir=conftest.dir && eval tar --format=posix -chf - "$tardir" >conftest.tar
configure:3367: $? = 0
configure:3371: tar -xf - <conftest.tar
configure:3374: $? = 0
configure:3376: cat conftest.dir/file
GrepMe
configure:3379: $? = 0
configure:3392: result: gnutar
configure:3453: checking whether make supports nested variables
configure:3470: result: yes
configure:3482: checking whether configure should try to set CFLAGS/CXXFLAGS/CPPFLAGS/LDFLAGS
configure:3490: result: yes
configure:3494: checking whether to enable debugging
configure:3556: result: no
configure:3592: checking whether make supports the include directive
configure:3607: make -f confmf.GNU && cat confinc.out
this is the am__doit target
configure:3610: $? = 0
configure:3629: result: yes (GNU style)
configure:3659: checking for x86_64-w64-mingw32-gcc
configure:3675: found /usr/bin/x86_64-w64-mingw32-gcc
configure:3686: result: x86_64-w64-mingw32-gcc
configure:3955: checking for C compiler version
configure:3964: x86_64-w64-mingw32-gcc --version >&5
x86_64-w64-mingw32-gcc (GCC) 11.2.0
Copyright (C) 2021 Free Software Foundation, Inc.
This is free software; see the source for copying conditions.  There is NO
warranty; not even for MERCHANTABILITY or FITNESS FOR A PARTICULAR PURPOSE.

configure:3975: $? = 0
configure:3964: x86_64-w64-mingw32-gcc -v >&5
Using built-in specs.
COLLECT_GCC=x86_64-w64-mingw32-gcc
COLLECT_LTO_WRAPPER=/usr/lib/gcc/x86_64-w64-mingw32/11/lto-wrapper.exe
Target: x86_64-w64-mingw32
Configured with: /mnt/share/cygpkgs/mingw64-x86_64-gcc/mingw64-x86_64-gcc.x86_64/src/gcc-11.2.0/configure --srcdir=/mnt/share/cygpkgs/mingw64-x86_64-gcc/mingw64-x86_64-gcc.x86_64/src/gcc-11.2.0 --prefix=/usr --exec-prefix=/usr --localstatedir=/var --sysconfdir=/etc --docdir=/usr/share/doc/mingw64-x86_64-gcc --htmldir=/usr/share/doc/mingw64-x86_64-gcc/html -C --build=x86_64-pc-cygwin --host=x86_64-pc-cygwin --target=x86_64-w64-mingw32 --without-libiconv-prefix --without-libintl-prefix --with-sysroot=/usr/x86_64-w64-mingw32/sys-root --with-build-sysroot=/usr/x86_64-w64-mingw32/sys-root --disable-multilib --disable-win32-registry --enable-languages=c,c++,fortran,lto,objc,obj-c++ --enable-fully-dynamic-string --enable-graphite --enable-libgomp --enable-libquadmath --enable-libquadmath-support --enable-libssp --enable-version-specific-runtime-libs --enable-libgomp --enable-libada --with-dwarf2 --with-gcc-major-version-only --with-gnu-ld --with-gnu-as --with-tune=generic --with-cloog-include=/usr/include/cloog-isl --with-system-zlib --enable-threads=posix --libexecdir=/usr/lib
Thread model: posix
Supported LTO compression algorithms: zlib zstd
gcc version 11.2.0 (GCC) 
configure:3975: $? = 0
configure:3964: x86_64-w64-mingw32-gcc -V >&5
x86_64-w64-mingw32-gcc: error: unrecognized command-line option '-V'
x86_64-w64-mingw32-gcc: fatal error: no input files
compilation terminated.
configure:3975: $? = 1
configure:3964: x86_64-w64-mingw32-gcc -qversion >&5
x86_64-w64-mingw32-gcc: error: unrecognized command-line option '-qversion'; did you mean '--version'?
x86_64-w64-mingw32-gcc: fatal error: no input files
compilation terminated.
configure:3975: $? = 1
configure:3995: checking whether the C compiler works
configure:4017: x86_64-w64-mingw32-gcc    conftest.c  >&5
configure:4021: $? = 0
configure:4069: result: yes
configure:4072: checking for C compiler default output file name
configure:4074: result: a.exe
configure:4080: checking for suffix of executables
configure:4087: x86_64-w64-mingw32-gcc -o conftest.exe    conftest.c  >&5
configure:4091: $? = 0
configure:4113: result: .exe
configure:4135: checking whether we are cross compiling
configure:4143: x86_64-w64-mingw32-gcc -o conftest.exe    conftest.c  >&5
configure:4147: $? = 0
configure:4154: ./conftest.exe
configure:4158: $? = 0
configure:4173: result: no
configure:4178: checking for suffix of object files
configure:4200: x86_64-w64-mingw32-gcc -c   conftest.c >&5
configure:4204: $? = 0
configure:4225: result: o
configure:4229: checking whether we are using the GNU C compiler
configure:4248: x86_64-w64-mingw32-gcc -c   conftest.c >&5
configure:4248: $? = 0
configure:4257: result: yes
configure:4266: checking whether x86_64-w64-mingw32-gcc accepts -g
configure:4286: x86_64-w64-mingw32-gcc -c -g  conftest.c >&5
configure:4286: $? = 0
configure:4327: result: yes
configure:4344: checking for x86_64-w64-mingw32-gcc option to accept ISO C89
configure:4407: x86_64-w64-mingw32-gcc  -c   conftest.c >&5
configure:4407: $? = 0
configure:4420: result: none needed
configure:4445: checking whether x86_64-w64-mingw32-gcc understands -c and -o together
configure:4467: x86_64-w64-mingw32-gcc -c conftest.c -o conftest2.o
configure:4470: $? = 0
configure:4467: x86_64-w64-mingw32-gcc -c conftest.c -o conftest2.o
configure:4470: $? = 0
configure:4482: result: yes
configure:4501: checking dependency style of x86_64-w64-mingw32-gcc
configure:4612: result: gcc3
configure:4631: checking for x86_64-w64-mingw32-gcc option to accept ISO C99
configure:4780: x86_64-w64-mingw32-gcc  -c   conftest.c >&5
configure:4780: $? = 0
configure:4793: result: none needed
configure:4901: checking for x86_64-w64-mingw32-gcc option to accept ISO Standard C
configure:4912: result: none needed
configure:4925: checking how to run the C preprocessor
configure:4956: x86_64-w64-mingw32-gcc -E  conftest.c
configure:4956: $? = 0
configure:4970: x86_64-w64-mingw32-gcc -E  conftest.c
conftest.c:12:10: fatal error: ac_nonexistent.h: No such file or directory
   12 | #include <ac_nonexistent.h>
      |          ^~~~~~~~~~~~~~~~~~
compilation terminated.
configure:4970: $? = 1
configure: failed program was:
| /* confdefs.h */
| #define PACKAGE_NAME "flac"
| #define PACKAGE_TARNAME "flac"
| #define PACKAGE_VERSION "1.3.3"
| #define PACKAGE_STRING "flac 1.3.3"
| #define PACKAGE_BUGREPORT "flac-dev@xiph.org"
| #define PACKAGE_URL "https://www.xiph.org/flac/"
| #define PACKAGE "flac"
| #define VERSION "1.3.3"
| #define NDEBUG /**/
| /* end confdefs.h.  */
| #include <ac_nonexistent.h>
configure:4995: result: x86_64-w64-mingw32-gcc -E
configure:5015: x86_64-w64-mingw32-gcc -E  conftest.c
configure:5015: $? = 0
configure:5029: x86_64-w64-mingw32-gcc -E  conftest.c
conftest.c:12:10: fatal error: ac_nonexistent.h: No such file or directory
   12 | #include <ac_nonexistent.h>
      |          ^~~~~~~~~~~~~~~~~~
compilation terminated.
configure:5029: $? = 1
configure: failed program was:
| /* confdefs.h */
| #define PACKAGE_NAME "flac"
| #define PACKAGE_TARNAME "flac"
| #define PACKAGE_VERSION "1.3.3"
| #define PACKAGE_STRING "flac 1.3.3"
| #define PACKAGE_BUGREPORT "flac-dev@xiph.org"
| #define PACKAGE_URL "https://www.xiph.org/flac/"
| #define PACKAGE "flac"
| #define VERSION "1.3.3"
| #define NDEBUG /**/
| /* end confdefs.h.  */
| #include <ac_nonexistent.h>
configure:5058: checking for grep that handles long lines and -e
configure:5116: result: /usr/bin/grep
configure:5121: checking for egrep
configure:5183: result: /usr/bin/grep -E
configure:5188: checking for ANSI C header files
configure:5208: x86_64-w64-mingw32-gcc -c   conftest.c >&5
configure:5208: $? = 0
configure:5281: x86_64-w64-mingw32-gcc -o conftest.exe    conftest.c  >&5
configure:5281: $? = 0
configure:5281: ./conftest.exe
configure:5281: $? = 0
configure:5292: result: yes
configure:5305: checking for sys/types.h
configure:5305: x86_64-w64-mingw32-gcc -c   conftest.c >&5
configure:5305: $? = 0
configure:5305: result: yes
configure:5305: checking for sys/stat.h
configure:5305: x86_64-w64-mingw32-gcc -c   conftest.c >&5
configure:5305: $? = 0
configure:5305: result: yes
configure:5305: checking for stdlib.h
configure:5305: x86_64-w64-mingw32-gcc -c   conftest.c >&5
configure:5305: $? = 0
configure:5305: result: yes
configure:5305: checking for string.h
configure:5305: x86_64-w64-mingw32-gcc -c   conftest.c >&5
configure:5305: $? = 0
configure:5305: result: yes
configure:5305: checking for memory.h
configure:5305: x86_64-w64-mingw32-gcc -c   conftest.c >&5
configure:5305: $? = 0
configure:5305: result: yes
configure:5305: checking for strings.h
configure:5305: x86_64-w64-mingw32-gcc -c   conftest.c >&5
configure:5305: $? = 0
configure:5305: result: yes
configure:5305: checking for inttypes.h
configure:5305: x86_64-w64-mingw32-gcc -c   conftest.c >&5
configure:5305: $? = 0
configure:5305: result: yes
configure:5305: checking for stdint.h
configure:5305: x86_64-w64-mingw32-gcc -c   conftest.c >&5
configure:5305: $? = 0
configure:5305: result: yes
configure:5305: checking for unistd.h
configure:5305: x86_64-w64-mingw32-gcc -c   conftest.c >&5
configure:5305: $? = 0
configure:5305: result: yes
configure:5318: checking minix/config.h usability
configure:5318: x86_64-w64-mingw32-gcc -c   conftest.c >&5
conftest.c:55:10: fatal error: minix/config.h: No such file or directory
   55 | #include <minix/config.h>
      |          ^~~~~~~~~~~~~~~~
compilation terminated.
configure:5318: $? = 1
configure: failed program was:
| /* confdefs.h */
| #define PACKAGE_NAME "flac"
| #define PACKAGE_TARNAME "flac"
| #define PACKAGE_VERSION "1.3.3"
| #define PACKAGE_STRING "flac 1.3.3"
| #define PACKAGE_BUGREPORT "flac-dev@xiph.org"
| #define PACKAGE_URL "https://www.xiph.org/flac/"
| #define PACKAGE "flac"
| #define VERSION "1.3.3"
| #define NDEBUG /**/
| #define STDC_HEADERS 1
| #define HAVE_SYS_TYPES_H 1
| #define HAVE_SYS_STAT_H 1
| #define HAVE_STDLIB_H 1
| #define HAVE_STRING_H 1
| #define HAVE_MEMORY_H 1
| #define HAVE_STRINGS_H 1
| #define HAVE_INTTYPES_H 1
| #define HAVE_STDINT_H 1
| #define HAVE_UNISTD_H 1
| /* end confdefs.h.  */
| #include <stdio.h>
| #ifdef HAVE_SYS_TYPES_H
| # include <sys/types.h>
| #endif
| #ifdef HAVE_SYS_STAT_H
| # include <sys/stat.h>
| #endif
| #ifdef STDC_HEADERS
| # include <stdlib.h>
| # include <stddef.h>
| #else
| # ifdef HAVE_STDLIB_H
| #  include <stdlib.h>
| # endif
| #endif
| #ifdef HAVE_STRING_H
| # if !defined STDC_HEADERS && defined HAVE_MEMORY_H
| #  include <memory.h>
| # endif
| # include <string.h>
| #endif
| #ifdef HAVE_STRINGS_H
| # include <strings.h>
| #endif
| #ifdef HAVE_INTTYPES_H
| # include <inttypes.h>
| #endif
| #ifdef HAVE_STDINT_H
| # include <stdint.h>
| #endif
| #ifdef HAVE_UNISTD_H
| # include <unistd.h>
| #endif
| #include <minix/config.h>
configure:5318: result: no
configure:5318: checking minix/config.h presence
configure:5318: x86_64-w64-mingw32-gcc -E  conftest.c
conftest.c:22:10: fatal error: minix/config.h: No such file or directory
   22 | #include <minix/config.h>
      |          ^~~~~~~~~~~~~~~~
compilation terminated.
configure:5318: $? = 1
configure: failed program was:
| /* confdefs.h */
| #define PACKAGE_NAME "flac"
| #define PACKAGE_TARNAME "flac"
| #define PACKAGE_VERSION "1.3.3"
| #define PACKAGE_STRING "flac 1.3.3"
| #define PACKAGE_BUGREPORT "flac-dev@xiph.org"
| #define PACKAGE_URL "https://www.xiph.org/flac/"
| #define PACKAGE "flac"
| #define VERSION "1.3.3"
| #define NDEBUG /**/
| #define STDC_HEADERS 1
| #define HAVE_SYS_TYPES_H 1
| #define HAVE_SYS_STAT_H 1
| #define HAVE_STDLIB_H 1
| #define HAVE_STRING_H 1
| #define HAVE_MEMORY_H 1
| #define HAVE_STRINGS_H 1
| #define HAVE_INTTYPES_H 1
| #define HAVE_STDINT_H 1
| #define HAVE_UNISTD_H 1
| /* end confdefs.h.  */
| #include <minix/config.h>
configure:5318: result: no
configure:5318: checking for minix/config.h
configure:5318: result: no
configure:5339: checking whether it is safe to define __EXTENSIONS__
configure:5357: x86_64-w64-mingw32-gcc -c   conftest.c >&5
configure:5357: $? = 0
configure:5364: result: yes
configure:5383: checking for x86_64-w64-mingw32-ar
configure:5399: found /usr/bin/x86_64-w64-mingw32-ar
configure:5410: result: x86_64-w64-mingw32-ar
configure:5480: checking the archiver (x86_64-w64-mingw32-ar) interface
configure:5496: x86_64-w64-mingw32-gcc -c   conftest.c >&5
configure:5496: $? = 0
configure:5498: x86_64-w64-mingw32-ar cru libconftest.a conftest.o >&5
configure:5501: $? = 0
configure:5529: result: ar
configure:5551: WARNING: Libtool does not cope well with whitespace in `pwd`
configure:5578: checking build system type
configure:5592: result: x86_64-unknown-cygwin
configure:5612: checking host system type
configure:5625: result: x86_64-w64-mingw32
configure:5666: checking how to print strings
configure:5693: result: printf
configure:5714: checking for a sed that does not truncate output
configure:5778: result: /usr/bin/sed
configure:5796: checking for fgrep
configure:5858: result: /usr/bin/grep -F
configure:5893: checking for ld used by x86_64-w64-mingw32-gcc
configure:5960: result: /usr/x86_64-w64-mingw32/bin/ld.exe
configure:5967: checking if the linker (/usr/x86_64-w64-mingw32/bin/ld.exe) is GNU ld
configure:5982: result: yes
configure:5994: checking for BSD- or MS-compatible name lister (nm)
configure:6048: result: /usr/bin/x86_64-w64-mingw32-nm -B
configure:6178: checking the name lister (/usr/bin/x86_64-w64-mingw32-nm -B) interface
configure:6185: x86_64-w64-mingw32-gcc -c   conftest.c >&5
configure:6188: /usr/bin/x86_64-w64-mingw32-nm -B "conftest.o"
configure:6191: output
0000000000000000 b .bss
0000000000000000 d .data
0000000000000000 r .rdata$zzz
0000000000000000 t .text
0000000000000000 B some_variable
configure:6198: result: BSD nm
configure:6201: checking whether ln -s works
configure:6205: result: yes
configure:6213: checking the maximum length of command line arguments
configure:6344: result: 8192
configure:6392: checking how to convert x86_64-unknown-cygwin file names to x86_64-w64-mingw32 format
configure:6432: result: func_convert_file_cygwin_to_w32
configure:6439: checking how to convert x86_64-unknown-cygwin file names to toolchain format
configure:6459: result: func_convert_file_noop
configure:6466: checking for /usr/x86_64-w64-mingw32/bin/ld.exe option to reload object files
configure:6473: result: -r
configure:6507: checking for x86_64-w64-mingw32-objdump
configure:6523: found /usr/bin/x86_64-w64-mingw32-objdump
configure:6534: result: x86_64-w64-mingw32-objdump
configure:6603: checking how to recognize dependent libraries
configure:6803: result: file_magic ^x86 archive import|^x86 DLL
configure:6848: checking for x86_64-w64-mingw32-dlltool
configure:6864: found /usr/bin/x86_64-w64-mingw32-dlltool
configure:6875: result: x86_64-w64-mingw32-dlltool
configure:6945: checking how to associate runtime and link libraries
configure:6972: result: func_cygming_dll_for_implib
configure:6988: checking for x86_64-w64-mingw32-ar
configure:7015: result: x86_64-w64-mingw32-ar
configure:7096: checking for archiver @FILE support
configure:7113: x86_64-w64-mingw32-gcc -c   conftest.c >&5
configure:7113: $? = 0
configure:7116: x86_64-w64-mingw32-ar cru libconftest.a @conftest.lst >&5
configure:7119: $? = 0
configure:7124: x86_64-w64-mingw32-ar cru libconftest.a @conftest.lst >&5
x86_64-w64-mingw32-ar: conftest.o: No such file or directory
configure:7127: $? = 1
configure:7139: result: @
configure:7157: checking for x86_64-w64-mingw32-strip
configure:7184: result: x86_64-w64-mingw32-strip
configure:7256: checking for x86_64-w64-mingw32-ranlib
configure:7272: found /usr/bin/x86_64-w64-mingw32-ranlib
configure:7283: result: x86_64-w64-mingw32-ranlib
configure:7425: checking command to parse /usr/bin/x86_64-w64-mingw32-nm -B output from x86_64-w64-mingw32-gcc object
configure:7578: x86_64-w64-mingw32-gcc -c   conftest.c >&5
configure:7581: $? = 0
configure:7585: /usr/bin/x86_64-w64-mingw32-nm -B conftest.o | sed -n -e 's/^.*[	 ]\([ABCDGIRSTW][ABCDGIRSTW]*\)[	 ][	 ]*\([_A-Za-z][_A-Za-z0-9]*\)$/\1 \2 \2/p' | sed '/ __gnu_lto/d' > conftest.nm
configure:7651: x86_64-w64-mingw32-gcc -o conftest.exe    conftest.c conftstm.o >&5
configure:7654: $? = 0
configure:7692: result: ok
configure:7739: checking for sysroot
configure:7769: result: no
configure:7776: checking for a working dd
configure:7814: result: /usr/bin/dd
configure:7818: checking how to truncate binary pipes
configure:7833: result: /usr/bin/dd bs=4096 count=1
configure:8122: checking for x86_64-w64-mingw32-mt
configure:8152: result: no
configure:8162: checking for mt
configure:8192: result: no
configure:8212: checking if : is a manifest tool
configure:8218: : '-?'
configure:8226: result: no
configure:8900: checking for dlfcn.h
configure:8900: x86_64-w64-mingw32-gcc -c   conftest.c >&5
conftest.c:61:10: fatal error: dlfcn.h: No such file or directory
   61 | #include <dlfcn.h>
      |          ^~~~~~~~~
compilation terminated.
configure:8900: $? = 1
configure: failed program was:
| /* confdefs.h */
| #define PACKAGE_NAME "flac"
| #define PACKAGE_TARNAME "flac"
| #define PACKAGE_VERSION "1.3.3"
| #define PACKAGE_STRING "flac 1.3.3"
| #define PACKAGE_BUGREPORT "flac-dev@xiph.org"
| #define PACKAGE_URL "https://www.xiph.org/flac/"
| #define PACKAGE "flac"
| #define VERSION "1.3.3"
| #define NDEBUG /**/
| #define STDC_HEADERS 1
| #define HAVE_SYS_TYPES_H 1
| #define HAVE_SYS_STAT_H 1
| #define HAVE_STDLIB_H 1
| #define HAVE_STRING_H 1
| #define HAVE_MEMORY_H 1
| #define HAVE_STRINGS_H 1
| #define HAVE_INTTYPES_H 1
| #define HAVE_STDINT_H 1
| #define HAVE_UNISTD_H 1
| #define __EXTENSIONS__ 1
| #define _ALL_SOURCE 1
| #define _GNU_SOURCE 1
| #define _POSIX_PTHREAD_SEMANTICS 1
| #define _TANDEM_SOURCE 1
| /* end confdefs.h.  */
| #include <stdio.h>
| #ifdef HAVE_SYS_TYPES_H
| # include <sys/types.h>
| #endif
| #ifdef HAVE_SYS_STAT_H
| # include <sys/stat.h>
| #endif
| #ifdef STDC_HEADERS
| # include <stdlib.h>
| # include <stddef.h>
| #else
| # ifdef HAVE_STDLIB_H
| #  include <stdlib.h>
| # endif
| #endif
| #ifdef HAVE_STRING_H
| # if !defined STDC_HEADERS && defined HAVE_MEMORY_H
| #  include <memory.h>
| # endif
| # include <string.h>
| #endif
| #ifdef HAVE_STRINGS_H
| # include <strings.h>
| #endif
| #ifdef HAVE_INTTYPES_H
| # include <inttypes.h>
| #endif
| #ifdef HAVE_STDINT_H
| # include <stdint.h>
| #endif
| #ifdef HAVE_UNISTD_H
| # include <unistd.h>
| #endif
| 
| #include <dlfcn.h>
configure:8900: result: no
configure:8923: checking for x86_64-w64-mingw32-as
configure:8939: found /usr/bin/x86_64-w64-mingw32-as
configure:8950: result: x86_64-w64-mingw32-as
configure:9015: checking for x86_64-w64-mingw32-dlltool
configure:9042: result: x86_64-w64-mingw32-dlltool
configure:9107: checking for x86_64-w64-mingw32-objdump
configure:9134: result: x86_64-w64-mingw32-objdump
configure:9452: checking for objdir
configure:9467: result: .libs
configure:9731: checking if x86_64-w64-mingw32-gcc supports -fno-rtti -fno-exceptions
configure:9749: x86_64-w64-mingw32-gcc -c   -fno-rtti -fno-exceptions conftest.c >&5
cc1: warning: command-line option '-fno-rtti' is valid for C++/D/ObjC++ but not for C
configure:9753: $? = 0
configure:9766: result: no
configure:10124: checking for x86_64-w64-mingw32-gcc option to produce PIC
configure:10131: result: -DDLL_EXPORT -DPIC
configure:10139: checking if x86_64-w64-mingw32-gcc PIC flag -DDLL_EXPORT -DPIC works
configure:10157: x86_64-w64-mingw32-gcc -c   -DDLL_EXPORT -DPIC -DPIC conftest.c >&5
configure:10161: $? = 0
configure:10174: result: yes
configure:10203: checking if x86_64-w64-mingw32-gcc static flag -static works
configure:10231: result: yes
configure:10246: checking if x86_64-w64-mingw32-gcc supports -c -o file.o
configure:10267: x86_64-w64-mingw32-gcc -c   -o out/conftest2.o conftest.c >&5
configure:10271: $? = 0
configure:10293: result: yes
configure:10301: checking if x86_64-w64-mingw32-gcc supports -c -o file.o
configure:10348: result: yes
configure:10381: checking whether the x86_64-w64-mingw32-gcc linker (/usr/x86_64-w64-mingw32/bin/ld.exe) supports shared libraries
configure:11644: result: yes
configure:11681: checking whether -lc should be explicitly linked in
configure:11689: x86_64-w64-mingw32-gcc -c   conftest.c >&5
configure:11692: $? = 0
configure:11707: x86_64-w64-mingw32-gcc -shared conftest.o  -v -o ./conftest -Wl,--enable-auto-image-base -Xlinker --out-implib -Xlinker conftest 2\>\&1 \| /usr/bin/grep  -lc  \>/dev/null 2\>\&1
configure:11710: $? = 1
configure:11724: result: yes
configure:11884: checking dynamic linker characteristics
configure:12714: result: Win32 ld.exe
configure:12836: checking how to hardcode library paths into programs
configure:12861: result: immediate
configure:13409: checking whether stripping libraries is possible
configure:13414: result: yes
configure:13449: checking if libtool supports shared libraries
configure:13451: result: yes
configure:13454: checking whether to build shared libraries
configure:13479: result: yes
configure:13482: checking whether to build static libraries
configure:13486: result: no
configure:13532: checking dependency style of x86_64-w64-mingw32-gcc
configure:13641: result: gcc3
configure:13670: checking for x86_64-w64-mingw32-g++
configure:13686: found /usr/bin/x86_64-w64-mingw32-g++
configure:13697: result: x86_64-w64-mingw32-g++
configure:13768: checking for C++ compiler version
configure:13777: x86_64-w64-mingw32-g++ --version >&5
x86_64-w64-mingw32-g++ (GCC) 11.2.0
Copyright (C) 2021 Free Software Foundation, Inc.
This is free software; see the source for copying conditions.  There is NO
warranty; not even for MERCHANTABILITY or FITNESS FOR A PARTICULAR PURPOSE.

configure:13788: $? = 0
configure:13777: x86_64-w64-mingw32-g++ -v >&5
Using built-in specs.
COLLECT_GCC=x86_64-w64-mingw32-g++
COLLECT_LTO_WRAPPER=/usr/lib/gcc/x86_64-w64-mingw32/11/lto-wrapper.exe
Target: x86_64-w64-mingw32
Configured with: /mnt/share/cygpkgs/mingw64-x86_64-gcc/mingw64-x86_64-gcc.x86_64/src/gcc-11.2.0/configure --srcdir=/mnt/share/cygpkgs/mingw64-x86_64-gcc/mingw64-x86_64-gcc.x86_64/src/gcc-11.2.0 --prefix=/usr --exec-prefix=/usr --localstatedir=/var --sysconfdir=/etc --docdir=/usr/share/doc/mingw64-x86_64-gcc --htmldir=/usr/share/doc/mingw64-x86_64-gcc/html -C --build=x86_64-pc-cygwin --host=x86_64-pc-cygwin --target=x86_64-w64-mingw32 --without-libiconv-prefix --without-libintl-prefix --with-sysroot=/usr/x86_64-w64-mingw32/sys-root --with-build-sysroot=/usr/x86_64-w64-mingw32/sys-root --disable-multilib --disable-win32-registry --enable-languages=c,c++,fortran,lto,objc,obj-c++ --enable-fully-dynamic-string --enable-graphite --enable-libgomp --enable-libquadmath --enable-libquadmath-support --enable-libssp --enable-version-specific-runtime-libs --enable-libgomp --enable-libada --with-dwarf2 --with-gcc-major-version-only --with-gnu-ld --with-gnu-as --with-tune=generic --with-cloog-include=/usr/include/cloog-isl --with-system-zlib --enable-threads=posix --libexecdir=/usr/lib
Thread model: posix
Supported LTO compression algorithms: zlib zstd
gcc version 11.2.0 (GCC) 
configure:13788: $? = 0
configure:13777: x86_64-w64-mingw32-g++ -V >&5
x86_64-w64-mingw32-g++: error: unrecognized command-line option '-V'
x86_64-w64-mingw32-g++: fatal error: no input files
compilation terminated.
configure:13788: $? = 1
configure:13777: x86_64-w64-mingw32-g++ -qversion >&5
x86_64-w64-mingw32-g++: error: unrecognized command-line option '-qversion'; did you mean '--version'?
x86_64-w64-mingw32-g++: fatal error: no input files
compilation terminated.
configure:13788: $? = 1
configure:13792: checking whether we are using the GNU C++ compiler
configure:13811: x86_64-w64-mingw32-g++ -c   conftest.cpp >&5
configure:13811: $? = 0
configure:13820: result: yes
configure:13829: checking whether x86_64-w64-mingw32-g++ accepts -g
configure:13849: x86_64-w64-mingw32-g++ -c -g  conftest.cpp >&5
configure:13849: $? = 0
configure:13890: result: yes
configure:13915: checking dependency style of x86_64-w64-mingw32-g++
configure:14026: result: gcc3
configure:14059: checking how to run the C++ preprocessor
configure:14086: x86_64-w64-mingw32-g++ -E  conftest.cpp
configure:14086: $? = 0
configure:14100: x86_64-w64-mingw32-g++ -E  conftest.cpp
conftest.cpp:28:10: fatal error: ac_nonexistent.h: No such file or directory
   28 | #include <ac_nonexistent.h>
      |          ^~~~~~~~~~~~~~~~~~
compilation terminated.
configure:14100: $? = 1
configure: failed program was:
| /* confdefs.h */
| #define PACKAGE_NAME "flac"
| #define PACKAGE_TARNAME "flac"
| #define PACKAGE_VERSION "1.3.3"
| #define PACKAGE_STRING "flac 1.3.3"
| #define PACKAGE_BUGREPORT "flac-dev@xiph.org"
| #define PACKAGE_URL "https://www.xiph.org/flac/"
| #define PACKAGE "flac"
| #define VERSION "1.3.3"
| #define NDEBUG /**/
| #define STDC_HEADERS 1
| #define HAVE_SYS_TYPES_H 1
| #define HAVE_SYS_STAT_H 1
| #define HAVE_STDLIB_H 1
| #define HAVE_STRING_H 1
| #define HAVE_MEMORY_H 1
| #define HAVE_STRINGS_H 1
| #define HAVE_INTTYPES_H 1
| #define HAVE_STDINT_H 1
| #define HAVE_UNISTD_H 1
| #define __EXTENSIONS__ 1
| #define _ALL_SOURCE 1
| #define _GNU_SOURCE 1
| #define _POSIX_PTHREAD_SEMANTICS 1
| #define _TANDEM_SOURCE 1
| #define LT_OBJDIR ".libs/"
| /* end confdefs.h.  */
| #include <ac_nonexistent.h>
configure:14125: result: x86_64-w64-mingw32-g++ -E
configure:14145: x86_64-w64-mingw32-g++ -E  conftest.cpp
configure:14145: $? = 0
configure:14159: x86_64-w64-mingw32-g++ -E  conftest.cpp
conftest.cpp:28:10: fatal error: ac_nonexistent.h: No such file or directory
   28 | #include <ac_nonexistent.h>
      |          ^~~~~~~~~~~~~~~~~~
compilation terminated.
configure:14159: $? = 1
configure: failed program was:
| /* confdefs.h */
| #define PACKAGE_NAME "flac"
| #define PACKAGE_TARNAME "flac"
| #define PACKAGE_VERSION "1.3.3"
| #define PACKAGE_STRING "flac 1.3.3"
| #define PACKAGE_BUGREPORT "flac-dev@xiph.org"
| #define PACKAGE_URL "https://www.xiph.org/flac/"
| #define PACKAGE "flac"
| #define VERSION "1.3.3"
| #define NDEBUG /**/
| #define STDC_HEADERS 1
| #define HAVE_SYS_TYPES_H 1
| #define HAVE_SYS_STAT_H 1
| #define HAVE_STDLIB_H 1
| #define HAVE_STRING_H 1
| #define HAVE_MEMORY_H 1
| #define HAVE_STRINGS_H 1
| #define HAVE_INTTYPES_H 1
| #define HAVE_STDINT_H 1
| #define HAVE_UNISTD_H 1
| #define __EXTENSIONS__ 1
| #define _ALL_SOURCE 1
| #define _GNU_SOURCE 1
| #define _POSIX_PTHREAD_SEMANTICS 1
| #define _TANDEM_SOURCE 1
| #define LT_OBJDIR ".libs/"
| /* end confdefs.h.  */
| #include <ac_nonexistent.h>
configure:14321: checking for ld used by x86_64-w64-mingw32-g++
configure:14388: result: /usr/x86_64-w64-mingw32/bin/ld.exe
configure:14395: checking if the linker (/usr/x86_64-w64-mingw32/bin/ld.exe) is GNU ld
configure:14410: result: yes
configure:14465: checking whether the x86_64-w64-mingw32-g++ linker (/usr/x86_64-w64-mingw32/bin/ld.exe) supports shared libraries
configure:15538: result: yes
configure:15574: x86_64-w64-mingw32-g++ -c   conftest.cpp >&5
configure:15577: $? = 0
configure:16058: checking for x86_64-w64-mingw32-g++ option to produce PIC
configure:16065: result: -DDLL_EXPORT -DPIC
configure:16073: checking if x86_64-w64-mingw32-g++ PIC flag -DDLL_EXPORT -DPIC works
configure:16091: x86_64-w64-mingw32-g++ -c   -DDLL_EXPORT -DPIC -DPIC conftest.cpp >&5
configure:16095: $? = 0
configure:16108: result: yes
configure:16131: checking if x86_64-w64-mingw32-g++ static flag -static works
configure:16159: result: yes
configure:16171: checking if x86_64-w64-mingw32-g++ supports -c -o file.o
configure:16192: x86_64-w64-mingw32-g++ -c   -o out/conftest2.o conftest.cpp >&5
configure:16196: $? = 0
configure:16218: result: yes
configure:16223: checking if x86_64-w64-mingw32-g++ supports -c -o file.o
configure:16270: result: yes
configure:16300: checking whether the x86_64-w64-mingw32-g++ linker (/usr/x86_64-w64-mingw32/bin/ld.exe) supports shared libraries
configure:16343: result: yes
configure:16484: checking dynamic linker characteristics
configure:17241: result: Win32 ld.exe
configure:17306: checking how to hardcode library paths into programs
configure:17331: result: immediate
configure:17371: checking whether we are using the CLANG C compiler
configure:17394: x86_64-w64-mingw32-gcc -o conftest.exe    conftest.c  >&5
conftest.c: In function 'main':
conftest.c:36:33: error: unknown type name 'This'
   36 |                                 This is not clang!
      |                                 ^~~~
conftest.c:36:41: error: expected '=', ',', ';', 'asm' or '__attribute__' before 'not'
   36 |                                 This is not clang!
      |                                         ^~~
configure:17394: $? = 1
configure: failed program was:
| /* confdefs.h */
| #define PACKAGE_NAME "flac"
| #define PACKAGE_TARNAME "flac"
| #define PACKAGE_VERSION "1.3.3"
| #define PACKAGE_STRING "flac 1.3.3"
| #define PACKAGE_BUGREPORT "flac-dev@xiph.org"
| #define PACKAGE_URL "https://www.xiph.org/flac/"
| #define PACKAGE "flac"
| #define VERSION "1.3.3"
| #define NDEBUG /**/
| #define STDC_HEADERS 1
| #define HAVE_SYS_TYPES_H 1
| #define HAVE_SYS_STAT_H 1
| #define HAVE_STDLIB_H 1
| #define HAVE_STRING_H 1
| #define HAVE_MEMORY_H 1
| #define HAVE_STRINGS_H 1
| #define HAVE_INTTYPES_H 1
| #define HAVE_STDINT_H 1
| #define HAVE_UNISTD_H 1
| #define __EXTENSIONS__ 1
| #define _ALL_SOURCE 1
| #define _GNU_SOURCE 1
| #define _POSIX_PTHREAD_SEMANTICS 1
| #define _TANDEM_SOURCE 1
| #define LT_OBJDIR ".libs/"
| /* end confdefs.h.  */
| 
| 			#include <stdio.h>
| 
| int
| main ()
| {
| 
| 			#ifndef __clang__
| 				This is not clang!
| 			#endif
| 
|   ;
|   return 0;
| }
configure:17400: result: no
configure:17426: x86_64-w64-mingw32-gcc -o conftest.exe    conftest.c  >&5
configure:17426: $? = 0
configure:17436: checking whether make sets $(MAKE)
configure:17458: result: yes
configure:17476: checking for special C compiler options needed for large files
configure:17521: result: no
configure:17527: checking for _FILE_OFFSET_BITS value needed for large files
configure:17552: x86_64-w64-mingw32-gcc -c   conftest.c >&5
conftest.c:33:41: warning: result of '-2147483648 << 31' requires 63 bits to represent, but 'long int' only has 32 bits [-Wshift-overflow=]
   33 | #define LARGE_OFF_T ((((off_t) 1 << 31) << 31) - 1 + (((off_t) 1 << 31) << 31))
      |                                         ^~
conftest.c:34:23: note: in expansion of macro 'LARGE_OFF_T'
   34 |   int off_t_is_large[(LARGE_OFF_T % 2147483629 == 721
      |                       ^~~~~~~~~~~
conftest.c:33:73: warning: result of '-2147483648 << 31' requires 63 bits to represent, but 'long int' only has 32 bits [-Wshift-overflow=]
   33 | #define LARGE_OFF_T ((((off_t) 1 << 31) << 31) - 1 + (((off_t) 1 << 31) << 31))
      |                                                                         ^~
conftest.c:34:23: note: in expansion of macro 'LARGE_OFF_T'
   34 |   int off_t_is_large[(LARGE_OFF_T % 2147483629 == 721
      |                       ^~~~~~~~~~~
conftest.c:33:41: warning: result of '-2147483648 << 31' requires 63 bits to represent, but 'long int' only has 32 bits [-Wshift-overflow=]
   33 | #define LARGE_OFF_T ((((off_t) 1 << 31) << 31) - 1 + (((off_t) 1 << 31) << 31))
      |                                         ^~
conftest.c:35:27: note: in expansion of macro 'LARGE_OFF_T'
   35 |                        && LARGE_OFF_T % 2147483647 == 1)
      |                           ^~~~~~~~~~~
conftest.c:33:73: warning: result of '-2147483648 << 31' requires 63 bits to represent, but 'long int' only has 32 bits [-Wshift-overflow=]
   33 | #define LARGE_OFF_T ((((off_t) 1 << 31) << 31) - 1 + (((off_t) 1 << 31) << 31))
      |                                                                         ^~
conftest.c:35:27: note: in expansion of macro 'LARGE_OFF_T'
   35 |                        && LARGE_OFF_T % 2147483647 == 1)
      |                           ^~~~~~~~~~~
conftest.c:34:7: error: variably modified 'off_t_is_large' at file scope
   34 |   int off_t_is_large[(LARGE_OFF_T % 2147483629 == 721
      |       ^~~~~~~~~~~~~~
configure:17552: $? = 1
configure: failed program was:
| /* confdefs.h */
| #define PACKAGE_NAME "flac"
| #define PACKAGE_TARNAME "flac"
| #define PACKAGE_VERSION "1.3.3"
| #define PACKAGE_STRING "flac 1.3.3"
| #define PACKAGE_BUGREPORT "flac-dev@xiph.org"
| #define PACKAGE_URL "https://www.xiph.org/flac/"
| #define PACKAGE "flac"
| #define VERSION "1.3.3"
| #define NDEBUG /**/
| #define STDC_HEADERS 1
| #define HAVE_SYS_TYPES_H 1
| #define HAVE_SYS_STAT_H 1
| #define HAVE_STDLIB_H 1
| #define HAVE_STRING_H 1
| #define HAVE_MEMORY_H 1
| #define HAVE_STRINGS_H 1
| #define HAVE_INTTYPES_H 1
| #define HAVE_STDINT_H 1
| #define HAVE_UNISTD_H 1
| #define __EXTENSIONS__ 1
| #define _ALL_SOURCE 1
| #define _GNU_SOURCE 1
| #define _POSIX_PTHREAD_SEMANTICS 1
| #define _TANDEM_SOURCE 1
| #define LT_OBJDIR ".libs/"
| /* end confdefs.h.  */
| #include <sys/types.h>
|  /* Check that off_t can represent 2**63 - 1 correctly.
|     We can't simply define LARGE_OFF_T to be 9223372036854775807,
|     since some C++ compilers masquerading as C compilers
|     incorrectly reject 9223372036854775807.  */
| #define LARGE_OFF_T ((((off_t) 1 << 31) << 31) - 1 + (((off_t) 1 << 31) << 31))
|   int off_t_is_large[(LARGE_OFF_T % 2147483629 == 721
| 		       && LARGE_OFF_T % 2147483647 == 1)
| 		      ? 1 : -1];
| int
| main ()
| {
| 
|   ;
|   return 0;
| }
configure:17576: x86_64-w64-mingw32-gcc -c   conftest.c >&5
configure:17576: $? = 0
configure:17584: result: 64
configure:17669: checking for _LARGEFILE_SOURCE value needed for large files
configure:17688: x86_64-w64-mingw32-gcc -o conftest.exe    conftest.c  >&5
configure:17688: $? = 0
configure:17716: result: no
configure:17742: checking size of off_t
configure:17747: x86_64-w64-mingw32-gcc -o conftest.exe    conftest.c  >&5
configure:17747: $? = 0
configure:17747: ./conftest.exe
configure:17747: $? = 0
configure:17761: result: 8
configure:17775: checking size of void*
configure:17780: x86_64-w64-mingw32-gcc -o conftest.exe    conftest.c  >&5
configure:17780: $? = 0
configure:17780: ./conftest.exe
configure:17780: $? = 0
configure:17794: result: 8
configure:17804: checking for library containing lround
configure:17835: x86_64-w64-mingw32-gcc -o conftest.exe    conftest.c  >&5
conftest.c:39:6: warning: conflicting types for built-in function 'lround'; expected 'long int(double)' [-Wbuiltin-declaration-mismatch]
   39 | char lround ();
      |      ^~~~~~
conftest.c:1:1: note: 'lround' is declared in header '<math.h>'
    1 | /* confdefs.h */
configure:17835: $? = 0
configure:17852: result: none required
configure:17871: checking for variable-length arrays
configure:17887: x86_64-w64-mingw32-g++ -c   conftest.cpp >&5
configure:17887: $? = 0
configure:17894: result: yes
configure:17915: checking for ANSI C header files
configure:18019: result: yes
configure:18028: checking for inline
configure:18044: x86_64-w64-mingw32-gcc -c   conftest.c >&5
configure:18044: $? = 0
configure:18052: result: inline
configure:18071: checking for variable-length arrays
configure:18094: result: yes
configure:18103: checking for typeof syntax and keyword spelling
configure:18134: x86_64-w64-mingw32-gcc -c   conftest.c >&5
configure:18134: $? = 0
configure:18141: result: typeof
configure:18160: checking for stdint.h
configure:18160: result: yes
configure:18160: checking for inttypes.h
configure:18160: result: yes
configure:18160: checking byteswap.h usability
configure:18160: x86_64-w64-mingw32-gcc -c   conftest.c >&5
conftest.c:73:10: fatal error: byteswap.h: No such file or directory
   73 | #include <byteswap.h>
      |          ^~~~~~~~~~~~
compilation terminated.
configure:18160: $? = 1
configure: failed program was:
| /* confdefs.h */
| #define PACKAGE_NAME "flac"
| #define PACKAGE_TARNAME "flac"
| #define PACKAGE_VERSION "1.3.3"
| #define PACKAGE_STRING "flac 1.3.3"
| #define PACKAGE_BUGREPORT "flac-dev@xiph.org"
| #define PACKAGE_URL "https://www.xiph.org/flac/"
| #define PACKAGE "flac"
| #define VERSION "1.3.3"
| #define NDEBUG /**/
| #define STDC_HEADERS 1
| #define HAVE_SYS_TYPES_H 1
| #define HAVE_SYS_STAT_H 1
| #define HAVE_STDLIB_H 1
| #define HAVE_STRING_H 1
| #define HAVE_MEMORY_H 1
| #define HAVE_STRINGS_H 1
| #define HAVE_INTTYPES_H 1
| #define HAVE_STDINT_H 1
| #define HAVE_UNISTD_H 1
| #define __EXTENSIONS__ 1
| #define _ALL_SOURCE 1
| #define _GNU_SOURCE 1
| #define _POSIX_PTHREAD_SEMANTICS 1
| #define _TANDEM_SOURCE 1
| #define LT_OBJDIR ".libs/"
| #define _FILE_OFFSET_BITS 64
| #define HAVE_FSEEKO 1
| #define SIZEOF_OFF_T 8
| #define SIZEOF_VOIDP 8
| #define HAVE_LROUND 1
| #define HAVE_C_VARARRAYS 1
| #define HAVE_CXX_VARARRAYS 1
| #define STDC_HEADERS 1
| #define HAVE_C_VARARRAYS 1
| #define HAVE_TYPEOF 1
| #define HAVE_STDINT_H 1
| #define HAVE_INTTYPES_H 1
| /* end confdefs.h.  */
| #include <stdio.h>
| #ifdef HAVE_SYS_TYPES_H
| # include <sys/types.h>
| #endif
| #ifdef HAVE_SYS_STAT_H
| # include <sys/stat.h>
| #endif
| #ifdef STDC_HEADERS
| # include <stdlib.h>
| # include <stddef.h>
| #else
| # ifdef HAVE_STDLIB_H
| #  include <stdlib.h>
| # endif
| #endif
| #ifdef HAVE_STRING_H
| # if !defined STDC_HEADERS && defined HAVE_MEMORY_H
| #  include <memory.h>
| # endif
| # include <string.h>
| #endif
| #ifdef HAVE_STRINGS_H
| # include <strings.h>
| #endif
| #ifdef HAVE_INTTYPES_H
| # include <inttypes.h>
| #endif
| #ifdef HAVE_STDINT_H
| # include <stdint.h>
| #endif
| #ifdef HAVE_UNISTD_H
| # include <unistd.h>
| #endif
| #include <byteswap.h>
configure:18160: result: no
configure:18160: checking byteswap.h presence
configure:18160: x86_64-w64-mingw32-gcc -E  conftest.c
conftest.c:40:10: fatal error: byteswap.h: No such file or directory
   40 | #include <byteswap.h>
      |          ^~~~~~~~~~~~
compilation terminated.
configure:18160: $? = 1
configure: failed program was:
| /* confdefs.h */
| #define PACKAGE_NAME "flac"
| #define PACKAGE_TARNAME "flac"
| #define PACKAGE_VERSION "1.3.3"
| #define PACKAGE_STRING "flac 1.3.3"
| #define PACKAGE_BUGREPORT "flac-dev@xiph.org"
| #define PACKAGE_URL "https://www.xiph.org/flac/"
| #define PACKAGE "flac"
| #define VERSION "1.3.3"
| #define NDEBUG /**/
| #define STDC_HEADERS 1
| #define HAVE_SYS_TYPES_H 1
| #define HAVE_SYS_STAT_H 1
| #define HAVE_STDLIB_H 1
| #define HAVE_STRING_H 1
| #define HAVE_MEMORY_H 1
| #define HAVE_STRINGS_H 1
| #define HAVE_INTTYPES_H 1
| #define HAVE_STDINT_H 1
| #define HAVE_UNISTD_H 1
| #define __EXTENSIONS__ 1
| #define _ALL_SOURCE 1
| #define _GNU_SOURCE 1
| #define _POSIX_PTHREAD_SEMANTICS 1
| #define _TANDEM_SOURCE 1
| #define LT_OBJDIR ".libs/"
| #define _FILE_OFFSET_BITS 64
| #define HAVE_FSEEKO 1
| #define SIZEOF_OFF_T 8
| #define SIZEOF_VOIDP 8
| #define HAVE_LROUND 1
| #define HAVE_C_VARARRAYS 1
| #define HAVE_CXX_VARARRAYS 1
| #define STDC_HEADERS 1
| #define HAVE_C_VARARRAYS 1
| #define HAVE_TYPEOF 1
| #define HAVE_STDINT_H 1
| #define HAVE_INTTYPES_H 1
| /* end confdefs.h.  */
| #include <byteswap.h>
configure:18160: result: no
configure:18160: checking for byteswap.h
configure:18160: result: no
configure:18160: checking sys/param.h usability
configure:18160: x86_64-w64-mingw32-gcc -c   conftest.c >&5
configure:18160: $? = 0
configure:18160: result: yes
configure:18160: checking sys/param.h presence
configure:18160: x86_64-w64-mingw32-gcc -E  conftest.c
configure:18160: $? = 0
configure:18160: result: yes
configure:18160: checking for sys/param.h
configure:18160: result: yes
configure:18160: checking sys/ioctl.h usability
configure:18160: x86_64-w64-mingw32-gcc -c   conftest.c >&5
conftest.c:74:10: fatal error: sys/ioctl.h: No such file or directory
   74 | #include <sys/ioctl.h>
      |          ^~~~~~~~~~~~~
compilation terminated.
configure:18160: $? = 1
configure: failed program was:
| /* confdefs.h */
| #define PACKAGE_NAME "flac"
| #define PACKAGE_TARNAME "flac"
| #define PACKAGE_VERSION "1.3.3"
| #define PACKAGE_STRING "flac 1.3.3"
| #define PACKAGE_BUGREPORT "flac-dev@xiph.org"
| #define PACKAGE_URL "https://www.xiph.org/flac/"
| #define PACKAGE "flac"
| #define VERSION "1.3.3"
| #define NDEBUG /**/
| #define STDC_HEADERS 1
| #define HAVE_SYS_TYPES_H 1
| #define HAVE_SYS_STAT_H 1
| #define HAVE_STDLIB_H 1
| #define HAVE_STRING_H 1
| #define HAVE_MEMORY_H 1
| #define HAVE_STRINGS_H 1
| #define HAVE_INTTYPES_H 1
| #define HAVE_STDINT_H 1
| #define HAVE_UNISTD_H 1
| #define __EXTENSIONS__ 1
| #define _ALL_SOURCE 1
| #define _GNU_SOURCE 1
| #define _POSIX_PTHREAD_SEMANTICS 1
| #define _TANDEM_SOURCE 1
| #define LT_OBJDIR ".libs/"
| #define _FILE_OFFSET_BITS 64
| #define HAVE_FSEEKO 1
| #define SIZEOF_OFF_T 8
| #define SIZEOF_VOIDP 8
| #define HAVE_LROUND 1
| #define HAVE_C_VARARRAYS 1
| #define HAVE_CXX_VARARRAYS 1
| #define STDC_HEADERS 1
| #define HAVE_C_VARARRAYS 1
| #define HAVE_TYPEOF 1
| #define HAVE_STDINT_H 1
| #define HAVE_INTTYPES_H 1
| #define HAVE_SYS_PARAM_H 1
| /* end confdefs.h.  */
| #include <stdio.h>
| #ifdef HAVE_SYS_TYPES_H
| # include <sys/types.h>
| #endif
| #ifdef HAVE_SYS_STAT_H
| # include <sys/stat.h>
| #endif
| #ifdef STDC_HEADERS
| # include <stdlib.h>
| # include <stddef.h>
| #else
| # ifdef HAVE_STDLIB_H
| #  include <stdlib.h>
| # endif
| #endif
| #ifdef HAVE_STRING_H
| # if !defined STDC_HEADERS && defined HAVE_MEMORY_H
| #  include <memory.h>
| # endif
| # include <string.h>
| #endif
| #ifdef HAVE_STRINGS_H
| # include <strings.h>
| #endif
| #ifdef HAVE_INTTYPES_H
| # include <inttypes.h>
| #endif
| #ifdef HAVE_STDINT_H
| # include <stdint.h>
| #endif
| #ifdef HAVE_UNISTD_H
| # include <unistd.h>
| #endif
| #include <sys/ioctl.h>
configure:18160: result: no
configure:18160: checking sys/ioctl.h presence
configure:18160: x86_64-w64-mingw32-gcc -E  conftest.c
conftest.c:41:10: fatal error: sys/ioctl.h: No such file or directory
   41 | #include <sys/ioctl.h>
      |          ^~~~~~~~~~~~~
compilation terminated.
configure:18160: $? = 1
configure: failed program was:
| /* confdefs.h */
| #define PACKAGE_NAME "flac"
| #define PACKAGE_TARNAME "flac"
| #define PACKAGE_VERSION "1.3.3"
| #define PACKAGE_STRING "flac 1.3.3"
| #define PACKAGE_BUGREPORT "flac-dev@xiph.org"
| #define PACKAGE_URL "https://www.xiph.org/flac/"
| #define PACKAGE "flac"
| #define VERSION "1.3.3"
| #define NDEBUG /**/
| #define STDC_HEADERS 1
| #define HAVE_SYS_TYPES_H 1
| #define HAVE_SYS_STAT_H 1
| #define HAVE_STDLIB_H 1
| #define HAVE_STRING_H 1
| #define HAVE_MEMORY_H 1
| #define HAVE_STRINGS_H 1
| #define HAVE_INTTYPES_H 1
| #define HAVE_STDINT_H 1
| #define HAVE_UNISTD_H 1
| #define __EXTENSIONS__ 1
| #define _ALL_SOURCE 1
| #define _GNU_SOURCE 1
| #define _POSIX_PTHREAD_SEMANTICS 1
| #define _TANDEM_SOURCE 1
| #define LT_OBJDIR ".libs/"
| #define _FILE_OFFSET_BITS 64
| #define HAVE_FSEEKO 1
| #define SIZEOF_OFF_T 8
| #define SIZEOF_VOIDP 8
| #define HAVE_LROUND 1
| #define HAVE_C_VARARRAYS 1
| #define HAVE_CXX_VARARRAYS 1
| #define STDC_HEADERS 1
| #define HAVE_C_VARARRAYS 1
| #define HAVE_TYPEOF 1
| #define HAVE_STDINT_H 1
| #define HAVE_INTTYPES_H 1
| #define HAVE_SYS_PARAM_H 1
| /* end confdefs.h.  */
| #include <sys/ioctl.h>
configure:18160: result: no
configure:18160: checking for sys/ioctl.h
configure:18160: result: no
configure:18160: checking termios.h usability
configure:18160: x86_64-w64-mingw32-gcc -c   conftest.c >&5
conftest.c:74:10: fatal error: termios.h: No such file or directory
   74 | #include <termios.h>
      |          ^~~~~~~~~~~
compilation terminated.
configure:18160: $? = 1
configure: failed program was:
| /* confdefs.h */
| #define PACKAGE_NAME "flac"
| #define PACKAGE_TARNAME "flac"
| #define PACKAGE_VERSION "1.3.3"
| #define PACKAGE_STRING "flac 1.3.3"
| #define PACKAGE_BUGREPORT "flac-dev@xiph.org"
| #define PACKAGE_URL "https://www.xiph.org/flac/"
| #define PACKAGE "flac"
| #define VERSION "1.3.3"
| #define NDEBUG /**/
| #define STDC_HEADERS 1
| #define HAVE_SYS_TYPES_H 1
| #define HAVE_SYS_STAT_H 1
| #define HAVE_STDLIB_H 1
| #define HAVE_STRING_H 1
| #define HAVE_MEMORY_H 1
| #define HAVE_STRINGS_H 1
| #define HAVE_INTTYPES_H 1
| #define HAVE_STDINT_H 1
| #define HAVE_UNISTD_H 1
| #define __EXTENSIONS__ 1
| #define _ALL_SOURCE 1
| #define _GNU_SOURCE 1
| #define _POSIX_PTHREAD_SEMANTICS 1
| #define _TANDEM_SOURCE 1
| #define LT_OBJDIR ".libs/"
| #define _FILE_OFFSET_BITS 64
| #define HAVE_FSEEKO 1
| #define SIZEOF_OFF_T 8
| #define SIZEOF_VOIDP 8
| #define HAVE_LROUND 1
| #define HAVE_C_VARARRAYS 1
| #define HAVE_CXX_VARARRAYS 1
| #define STDC_HEADERS 1
| #define HAVE_C_VARARRAYS 1
| #define HAVE_TYPEOF 1
| #define HAVE_STDINT_H 1
| #define HAVE_INTTYPES_H 1
| #define HAVE_SYS_PARAM_H 1
| /* end confdefs.h.  */
| #include <stdio.h>
| #ifdef HAVE_SYS_TYPES_H
| # include <sys/types.h>
| #endif
| #ifdef HAVE_SYS_STAT_H
| # include <sys/stat.h>
| #endif
| #ifdef STDC_HEADERS
| # include <stdlib.h>
| # include <stddef.h>
| #else
| # ifdef HAVE_STDLIB_H
| #  include <stdlib.h>
| # endif
| #endif
| #ifdef HAVE_STRING_H
| # if !defined STDC_HEADERS && defined HAVE_MEMORY_H
| #  include <memory.h>
| # endif
| # include <string.h>
| #endif
| #ifdef HAVE_STRINGS_H
| # include <strings.h>
| #endif
| #ifdef HAVE_INTTYPES_H
| # include <inttypes.h>
| #endif
| #ifdef HAVE_STDINT_H
| # include <stdint.h>
| #endif
| #ifdef HAVE_UNISTD_H
| # include <unistd.h>
| #endif
| #include <termios.h>
configure:18160: result: no
configure:18160: checking termios.h presence
configure:18160: x86_64-w64-mingw32-gcc -E  conftest.c
conftest.c:41:10: fatal error: termios.h: No such file or directory
   41 | #include <termios.h>
      |          ^~~~~~~~~~~
compilation terminated.
configure:18160: $? = 1
configure: failed program was:
| /* confdefs.h */
| #define PACKAGE_NAME "flac"
| #define PACKAGE_TARNAME "flac"
| #define PACKAGE_VERSION "1.3.3"
| #define PACKAGE_STRING "flac 1.3.3"
| #define PACKAGE_BUGREPORT "flac-dev@xiph.org"
| #define PACKAGE_URL "https://www.xiph.org/flac/"
| #define PACKAGE "flac"
| #define VERSION "1.3.3"
| #define NDEBUG /**/
| #define STDC_HEADERS 1
| #define HAVE_SYS_TYPES_H 1
| #define HAVE_SYS_STAT_H 1
| #define HAVE_STDLIB_H 1
| #define HAVE_STRING_H 1
| #define HAVE_MEMORY_H 1
| #define HAVE_STRINGS_H 1
| #define HAVE_INTTYPES_H 1
| #define HAVE_STDINT_H 1
| #define HAVE_UNISTD_H 1
| #define __EXTENSIONS__ 1
| #define _ALL_SOURCE 1
| #define _GNU_SOURCE 1
| #define _POSIX_PTHREAD_SEMANTICS 1
| #define _TANDEM_SOURCE 1
| #define LT_OBJDIR ".libs/"
| #define _FILE_OFFSET_BITS 64
| #define HAVE_FSEEKO 1
| #define SIZEOF_OFF_T 8
| #define SIZEOF_VOIDP 8
| #define HAVE_LROUND 1
| #define HAVE_C_VARARRAYS 1
| #define HAVE_CXX_VARARRAYS 1
| #define STDC_HEADERS 1
| #define HAVE_C_VARARRAYS 1
| #define HAVE_TYPEOF 1
| #define HAVE_STDINT_H 1
| #define HAVE_INTTYPES_H 1
| #define HAVE_SYS_PARAM_H 1
| /* end confdefs.h.  */
| #include <termios.h>
configure:18160: result: no
configure:18160: checking for termios.h
configure:18160: result: no
configure:18160: checking x86intrin.h usability
configure:18160: x86_64-w64-mingw32-gcc -c   conftest.c >&5
configure:18160: $? = 0
configure:18160: result: yes
configure:18160: checking x86intrin.h presence
configure:18160: x86_64-w64-mingw32-gcc -E  conftest.c
configure:18160: $? = 0
configure:18160: result: yes
configure:18160: checking for x86intrin.h
configure:18160: result: yes
configure:18160: checking cpuid.h usability
configure:18160: x86_64-w64-mingw32-gcc -c   conftest.c >&5
configure:18160: $? = 0
configure:18160: result: yes
configure:18160: checking cpuid.h presence
configure:18160: x86_64-w64-mingw32-gcc -E  conftest.c
configure:18160: $? = 0
configure:18160: result: yes
configure:18160: checking for cpuid.h
configure:18160: result: yes
configure:18171: checking for bswap32 intrinsic
configure:18191: x86_64-w64-mingw32-gcc -o conftest.exe    conftest.c  >&5
configure:18191: $? = 0
configure:18206: result: yes
configure:18209: checking for bswap16 intrinsic
configure:18229: x86_64-w64-mingw32-gcc -o conftest.exe    conftest.c  >&5
configure:18229: $? = 0
configure:18244: result: yes
configure:18250: checking whether byte ordering is bigendian
configure:18265: x86_64-w64-mingw32-gcc -c   conftest.c >&5
conftest.c:46:16: error: unknown type name 'not'
   46 |                not a universal capable compiler
      |                ^~~
conftest.c:46:22: error: expected '=', ',', ';', 'asm' or '__attribute__' before 'universal'
   46 |                not a universal capable compiler
      |                      ^~~~~~~~~
conftest.c:46:22: error: unknown type name 'universal'
configure:18265: $? = 1
configure: failed program was:
| /* confdefs.h */
| #define PACKAGE_NAME "flac"
| #define PACKAGE_TARNAME "flac"
| #define PACKAGE_VERSION "1.3.3"
| #define PACKAGE_STRING "flac 1.3.3"
| #define PACKAGE_BUGREPORT "flac-dev@xiph.org"
| #define PACKAGE_URL "https://www.xiph.org/flac/"
| #define PACKAGE "flac"
| #define VERSION "1.3.3"
| #define NDEBUG /**/
| #define STDC_HEADERS 1
| #define HAVE_SYS_TYPES_H 1
| #define HAVE_SYS_STAT_H 1
| #define HAVE_STDLIB_H 1
| #define HAVE_STRING_H 1
| #define HAVE_MEMORY_H 1
| #define HAVE_STRINGS_H 1
| #define HAVE_INTTYPES_H 1
| #define HAVE_STDINT_H 1
| #define HAVE_UNISTD_H 1
| #define __EXTENSIONS__ 1
| #define _ALL_SOURCE 1
| #define _GNU_SOURCE 1
| #define _POSIX_PTHREAD_SEMANTICS 1
| #define _TANDEM_SOURCE 1
| #define LT_OBJDIR ".libs/"
| #define _FILE_OFFSET_BITS 64
| #define HAVE_FSEEKO 1
| #define SIZEOF_OFF_T 8
| #define SIZEOF_VOIDP 8
| #define HAVE_LROUND 1
| #define HAVE_C_VARARRAYS 1
| #define HAVE_CXX_VARARRAYS 1
| #define STDC_HEADERS 1
| #define HAVE_C_VARARRAYS 1
| #define HAVE_TYPEOF 1
| #define HAVE_STDINT_H 1
| #define HAVE_INTTYPES_H 1
| #define HAVE_SYS_PARAM_H 1
| #define HAVE_X86INTRIN_H 1
| #define HAVE_CPUID_H 1
| #define HAVE_BSWAP32 1
| #define HAVE_BSWAP16 1
| /* end confdefs.h.  */
| #ifndef __APPLE_CC__
| 	       not a universal capable compiler
| 	     #endif
| 	     typedef int dummy;
| 
configure:18310: x86_64-w64-mingw32-gcc -c   conftest.c >&5
configure:18310: $? = 0
configure:18328: x86_64-w64-mingw32-gcc -c   conftest.c >&5
conftest.c: In function 'main':
conftest.c:52:18: error: unknown type name 'not'; did you mean 'ino_t'?
   52 |                  not big endian
      |                  ^~~
      |                  ino_t
conftest.c:52:26: error: expected '=', ',', ';', 'asm' or '__attribute__' before 'endian'
   52 |                  not big endian
      |                          ^~~~~~
configure:18328: $? = 1
configure: failed program was:
| /* confdefs.h */
| #define PACKAGE_NAME "flac"
| #define PACKAGE_TARNAME "flac"
| #define PACKAGE_VERSION "1.3.3"
| #define PACKAGE_STRING "flac 1.3.3"
| #define PACKAGE_BUGREPORT "flac-dev@xiph.org"
| #define PACKAGE_URL "https://www.xiph.org/flac/"
| #define PACKAGE "flac"
| #define VERSION "1.3.3"
| #define NDEBUG /**/
| #define STDC_HEADERS 1
| #define HAVE_SYS_TYPES_H 1
| #define HAVE_SYS_STAT_H 1
| #define HAVE_STDLIB_H 1
| #define HAVE_STRING_H 1
| #define HAVE_MEMORY_H 1
| #define HAVE_STRINGS_H 1
| #define HAVE_INTTYPES_H 1
| #define HAVE_STDINT_H 1
| #define HAVE_UNISTD_H 1
| #define __EXTENSIONS__ 1
| #define _ALL_SOURCE 1
| #define _GNU_SOURCE 1
| #define _POSIX_PTHREAD_SEMANTICS 1
| #define _TANDEM_SOURCE 1
| #define LT_OBJDIR ".libs/"
| #define _FILE_OFFSET_BITS 64
| #define HAVE_FSEEKO 1
| #define SIZEOF_OFF_T 8
| #define SIZEOF_VOIDP 8
| #define HAVE_LROUND 1
| #define HAVE_C_VARARRAYS 1
| #define HAVE_CXX_VARARRAYS 1
| #define STDC_HEADERS 1
| #define HAVE_C_VARARRAYS 1
| #define HAVE_TYPEOF 1
| #define HAVE_STDINT_H 1
| #define HAVE_INTTYPES_H 1
| #define HAVE_SYS_PARAM_H 1
| #define HAVE_X86INTRIN_H 1
| #define HAVE_CPUID_H 1
| #define HAVE_BSWAP32 1
| #define HAVE_BSWAP16 1
| /* end confdefs.h.  */
| #include <sys/types.h>
| 		#include <sys/param.h>
| 
| int
| main ()
| {
| #if BYTE_ORDER != BIG_ENDIAN
| 		 not big endian
| 		#endif
| 
|   ;
|   return 0;
| }
configure:18456: result: no
configure:18521: checking for socklen_t
configure:18521: x86_64-w64-mingw32-gcc -c   conftest.c >&5
conftest.c: In function 'main':
conftest.c:84:13: error: 'socklen_t' undeclared (first use in this function)
   84 | if (sizeof (socklen_t))
      |             ^~~~~~~~~
conftest.c:84:13: note: each undeclared identifier is reported only once for each function it appears in
configure:18521: $? = 1
configure: failed program was:
| /* confdefs.h */
| #define PACKAGE_NAME "flac"
| #define PACKAGE_TARNAME "flac"
| #define PACKAGE_VERSION "1.3.3"
| #define PACKAGE_STRING "flac 1.3.3"
| #define PACKAGE_BUGREPORT "flac-dev@xiph.org"
| #define PACKAGE_URL "https://www.xiph.org/flac/"
| #define PACKAGE "flac"
| #define VERSION "1.3.3"
| #define NDEBUG /**/
| #define STDC_HEADERS 1
| #define HAVE_SYS_TYPES_H 1
| #define HAVE_SYS_STAT_H 1
| #define HAVE_STDLIB_H 1
| #define HAVE_STRING_H 1
| #define HAVE_MEMORY_H 1
| #define HAVE_STRINGS_H 1
| #define HAVE_INTTYPES_H 1
| #define HAVE_STDINT_H 1
| #define HAVE_UNISTD_H 1
| #define __EXTENSIONS__ 1
| #define _ALL_SOURCE 1
| #define _GNU_SOURCE 1
| #define _POSIX_PTHREAD_SEMANTICS 1
| #define _TANDEM_SOURCE 1
| #define LT_OBJDIR ".libs/"
| #define _FILE_OFFSET_BITS 64
| #define HAVE_FSEEKO 1
| #define SIZEOF_OFF_T 8
| #define SIZEOF_VOIDP 8
| #define HAVE_LROUND 1
| #define HAVE_C_VARARRAYS 1
| #define HAVE_CXX_VARARRAYS 1
| #define STDC_HEADERS 1
| #define HAVE_C_VARARRAYS 1
| #define HAVE_TYPEOF 1
| #define HAVE_STDINT_H 1
| #define HAVE_INTTYPES_H 1
| #define HAVE_SYS_PARAM_H 1
| #define HAVE_X86INTRIN_H 1
| #define HAVE_CPUID_H 1
| #define HAVE_BSWAP32 1
| #define HAVE_BSWAP16 1
| #define CPU_IS_BIG_ENDIAN 0
| #define CPU_IS_LITTLE_ENDIAN 1
| #define WORDS_BIGENDIAN 0
| /* end confdefs.h.  */
| #include <stdio.h>
| #ifdef HAVE_SYS_TYPES_H
| # include <sys/types.h>
| #endif
| #ifdef HAVE_SYS_STAT_H
| # include <sys/stat.h>
| #endif
| #ifdef STDC_HEADERS
| # include <stdlib.h>
| # include <stddef.h>
| #else
| # ifdef HAVE_STDLIB_H
| #  include <stdlib.h>
| # endif
| #endif
| #ifdef HAVE_STRING_H
| # if !defined STDC_HEADERS && defined HAVE_MEMORY_H
| #  include <memory.h>
| # endif
| # include <string.h>
| #endif
| #ifdef HAVE_STRINGS_H
| # include <strings.h>
| #endif
| #ifdef HAVE_INTTYPES_H
| # include <inttypes.h>
| #endif
| #ifdef HAVE_STDINT_H
| # include <stdint.h>
| #endif
| #ifdef HAVE_UNISTD_H
| # include <unistd.h>
| #endif
| int
| main ()
| {
| if (sizeof (socklen_t))
| 	 return 0;
|   ;
|   return 0;
| }
configure:18521: result: no
configure:18534: checking for getopt_long
configure:18534: x86_64-w64-mingw32-gcc -o conftest.exe    conftest.c  >&5
configure:18534: $? = 0
configure:18534: result: yes
configure:18548: checking size of void*
configure:18567: result: 8
configure:19027: checking for doxygen
configure:19057: result: no
configure:19141: checking for xmms-config
configure:19172: result: no
configure:19284: checking for XMMS - version >= 0.9.5.1
configure:19292: result: no
configure:19319: WARNING: *** XMMS >= 0.9.5.1 not installed - XMMS support will not be built
configure:19428: checking for Ogg
configure:19463: x86_64-w64-mingw32-gcc -o conftest.exe   -D__MSVCRT_VERSION__=0x0601   conftest.c   -logg >&5
configure:19463: $? = 0
configure:19463: ./conftest.exe
configure:19463: $? = 0
configure:19482: result: yes
configure:19617: checking for ld used by x86_64-w64-mingw32-gcc
configure:19684: result: /usr/x86_64-w64-mingw32/bin/ld.exe
configure:19691: checking if the linker (/usr/x86_64-w64-mingw32/bin/ld.exe) is GNU ld
configure:19706: result: yes
configure:19713: checking for shared library run path origin
configure:19726: result: done
configure:20304: checking for iconv
configure:20328: x86_64-w64-mingw32-gcc -o conftest.exe  -D__MSVCRT_VERSION__=0x0601   conftest.c  >&5
/usr/lib/gcc/x86_64-w64-mingw32/11/../../../../x86_64-w64-mingw32/bin/ld: /tmp/ccgZuEfD.o:conftest.c:(.text+0x22): undefined reference to `iconv_open'
/usr/lib/gcc/x86_64-w64-mingw32/11/../../../../x86_64-w64-mingw32/bin/ld: /tmp/ccgZuEfD.o:conftest.c:(.text+0x4c): undefined reference to `iconv'
/usr/lib/gcc/x86_64-w64-mingw32/11/../../../../x86_64-w64-mingw32/bin/ld: /tmp/ccgZuEfD.o:conftest.c:(.text+0x58): undefined reference to `iconv_close'
collect2: error: ld returned 1 exit status
configure:20328: $? = 1
configure: failed program was:
| /* confdefs.h */
| #define PACKAGE_NAME "flac"
| #define PACKAGE_TARNAME "flac"
| #define PACKAGE_VERSION "1.3.3"
| #define PACKAGE_STRING "flac 1.3.3"
| #define PACKAGE_BUGREPORT "flac-dev@xiph.org"
| #define PACKAGE_URL "https://www.xiph.org/flac/"
| #define PACKAGE "flac"
| #define VERSION "1.3.3"
| #define NDEBUG /**/
| #define STDC_HEADERS 1
| #define HAVE_SYS_TYPES_H 1
| #define HAVE_SYS_STAT_H 1
| #define HAVE_STDLIB_H 1
| #define HAVE_STRING_H 1
| #define HAVE_MEMORY_H 1
| #define HAVE_STRINGS_H 1
| #define HAVE_INTTYPES_H 1
| #define HAVE_STDINT_H 1
| #define HAVE_UNISTD_H 1
| #define __EXTENSIONS__ 1
| #define _ALL_SOURCE 1
| #define _GNU_SOURCE 1
| #define _POSIX_PTHREAD_SEMANTICS 1
| #define _TANDEM_SOURCE 1
| #define LT_OBJDIR ".libs/"
| #define _FILE_OFFSET_BITS 64
| #define HAVE_FSEEKO 1
| #define SIZEOF_OFF_T 8
| #define SIZEOF_VOIDP 8
| #define HAVE_LROUND 1
| #define HAVE_C_VARARRAYS 1
| #define HAVE_CXX_VARARRAYS 1
| #define STDC_HEADERS 1
| #define HAVE_C_VARARRAYS 1
| #define HAVE_TYPEOF 1
| #define HAVE_STDINT_H 1
| #define HAVE_INTTYPES_H 1
| #define HAVE_SYS_PARAM_H 1
| #define HAVE_X86INTRIN_H 1
| #define HAVE_CPUID_H 1
| #define HAVE_BSWAP32 1
| #define HAVE_BSWAP16 1
| #define CPU_IS_BIG_ENDIAN 0
| #define CPU_IS_LITTLE_ENDIAN 1
| #define WORDS_BIGENDIAN 0
| #define HAVE_GETOPT_LONG 1
| #define SIZEOF_VOIDP 8
| #define FLAC__CPU_X86_64 1
| #define FLAC__HAS_X86INTRIN 1
| #define FLAC__ALIGN_MALLOC_DATA 1
| #define FLAC__USE_ALTIVEC 1
| #define FLAC__USE_VSX 1
| #define FLAC__USE_AVX 1
| #define ENABLE_64_BIT_WORDS 0
| #define FLAC__HAS_OGG 1
| /* end confdefs.h.  */
| 
| #include <stdlib.h>
| #include <iconv.h>
| 
| int
| main ()
| {
| iconv_t cd = iconv_open("","");
|            iconv(cd,NULL,NULL,NULL,NULL);
|            iconv_close(cd);
|   ;
|   return 0;
| }
configure:20352: x86_64-w64-mingw32-gcc -o conftest.exe  -D__MSVCRT_VERSION__=0x0601   conftest.c  -liconv >&5
configure:20352: $? = 0
configure:20362: result: yes
configure:20365: checking for working iconv
configure:20485: x86_64-w64-mingw32-gcc -o conftest.exe  -D__MSVCRT_VERSION__=0x0601   conftest.c  -liconv >&5
configure:20485: $? = 0
configure:20485: ./conftest.exe
configure:20485: $? = 127
configure: program exited with status 127
configure: failed program was:
| /* confdefs.h */
| #define PACKAGE_NAME "flac"
| #define PACKAGE_TARNAME "flac"
| #define PACKAGE_VERSION "1.3.3"
| #define PACKAGE_STRING "flac 1.3.3"
| #define PACKAGE_BUGREPORT "flac-dev@xiph.org"
| #define PACKAGE_URL "https://www.xiph.org/flac/"
| #define PACKAGE "flac"
| #define VERSION "1.3.3"
| #define NDEBUG /**/
| #define STDC_HEADERS 1
| #define HAVE_SYS_TYPES_H 1
| #define HAVE_SYS_STAT_H 1
| #define HAVE_STDLIB_H 1
| #define HAVE_STRING_H 1
| #define HAVE_MEMORY_H 1
| #define HAVE_STRINGS_H 1
| #define HAVE_INTTYPES_H 1
| #define HAVE_STDINT_H 1
| #define HAVE_UNISTD_H 1
| #define __EXTENSIONS__ 1
| #define _ALL_SOURCE 1
| #define _GNU_SOURCE 1
| #define _POSIX_PTHREAD_SEMANTICS 1
| #define _TANDEM_SOURCE 1
| #define LT_OBJDIR ".libs/"
| #define _FILE_OFFSET_BITS 64
| #define HAVE_FSEEKO 1
| #define SIZEOF_OFF_T 8
| #define SIZEOF_VOIDP 8
| #define HAVE_LROUND 1
| #define HAVE_C_VARARRAYS 1
| #define HAVE_CXX_VARARRAYS 1
| #define STDC_HEADERS 1
| #define HAVE_C_VARARRAYS 1
| #define HAVE_TYPEOF 1
| #define HAVE_STDINT_H 1
| #define HAVE_INTTYPES_H 1
| #define HAVE_SYS_PARAM_H 1
| #define HAVE_X86INTRIN_H 1
| #define HAVE_CPUID_H 1
| #define HAVE_BSWAP32 1
| #define HAVE_BSWAP16 1
| #define CPU_IS_BIG_ENDIAN 0
| #define CPU_IS_LITTLE_ENDIAN 1
| #define WORDS_BIGENDIAN 0
| #define HAVE_GETOPT_LONG 1
| #define SIZEOF_VOIDP 8
| #define FLAC__CPU_X86_64 1
| #define FLAC__HAS_X86INTRIN 1
| #define FLAC__ALIGN_MALLOC_DATA 1
| #define FLAC__USE_ALTIVEC 1
| #define FLAC__USE_VSX 1
| #define FLAC__USE_AVX 1
| #define ENABLE_64_BIT_WORDS 0
| #define FLAC__HAS_OGG 1
| /* end confdefs.h.  */
| 
| #include <iconv.h>
| #include <string.h>
| int main ()
| {
|   int result = 0;
|   /* Test against AIX 5.1 bug: Failures are not distinguishable from successful
|      returns.  */
|   {
|     iconv_t cd_utf8_to_88591 = iconv_open ("ISO8859-1", "UTF-8");
|     if (cd_utf8_to_88591 != (iconv_t)(-1))
|       {
|         static const char input[] = "\342\202\254"; /* EURO SIGN */
|         char buf[10];
|         const char *inptr = input;
|         size_t inbytesleft = strlen (input);
|         char *outptr = buf;
|         size_t outbytesleft = sizeof (buf);
|         size_t res = iconv (cd_utf8_to_88591,
|                             (char **) &inptr, &inbytesleft,
|                             &outptr, &outbytesleft);
|         if (res == 0)
|           result |= 1;
|         iconv_close (cd_utf8_to_88591);
|       }
|   }
|   /* Test against Solaris 10 bug: Failures are not distinguishable from
|      successful returns.  */
|   {
|     iconv_t cd_ascii_to_88591 = iconv_open ("ISO8859-1", "646");
|     if (cd_ascii_to_88591 != (iconv_t)(-1))
|       {
|         static const char input[] = "\263";
|         char buf[10];
|         const char *inptr = input;
|         size_t inbytesleft = strlen (input);
|         char *outptr = buf;
|         size_t outbytesleft = sizeof (buf);
|         size_t res = iconv (cd_ascii_to_88591,
|                             (char **) &inptr, &inbytesleft,
|                             &outptr, &outbytesleft);
|         if (res == 0)
|           result |= 2;
|         iconv_close (cd_ascii_to_88591);
|       }
|   }
|   /* Test against AIX 6.1..7.1 bug: Buffer overrun.  */
|   {
|     iconv_t cd_88591_to_utf8 = iconv_open ("UTF-8", "ISO-8859-1");
|     if (cd_88591_to_utf8 != (iconv_t)(-1))
|       {
|         static const char input[] = "\304";
|         static char buf[2] = { (char)0xDE, (char)0xAD };
|         const char *inptr = input;
|         size_t inbytesleft = 1;
|         char *outptr = buf;
|         size_t outbytesleft = 1;
|         size_t res = iconv (cd_88591_to_utf8,
|                             (char **) &inptr, &inbytesleft,
|                             &outptr, &outbytesleft);
|         if (res != (size_t)(-1) || outptr - buf > 1 || buf[1] != (char)0xAD)
|           result |= 4;
|         iconv_close (cd_88591_to_utf8);
|       }
|   }
| #if 0 /* This bug could be worked around by the caller.  */
|   /* Test against HP-UX 11.11 bug: Positive return value instead of 0.  */
|   {
|     iconv_t cd_88591_to_utf8 = iconv_open ("utf8", "iso88591");
|     if (cd_88591_to_utf8 != (iconv_t)(-1))
|       {
|         static const char input[] = "\304rger mit b\366sen B\374bchen ohne Augenma\337";
|         char buf[50];
|         const char *inptr = input;
|         size_t inbytesleft = strlen (input);
|         char *outptr = buf;
|         size_t outbytesleft = sizeof (buf);
|         size_t res = iconv (cd_88591_to_utf8,
|                             (char **) &inptr, &inbytesleft,
|                             &outptr, &outbytesleft);
|         if ((int)res > 0)
|           result |= 8;
|         iconv_close (cd_88591_to_utf8);
|       }
|   }
| #endif
|   /* Test against HP-UX 11.11 bug: No converter from EUC-JP to UTF-8 is
|      provided.  */
|   if (/* Try standardized names.  */
|       iconv_open ("UTF-8", "EUC-JP") == (iconv_t)(-1)
|       /* Try IRIX, OSF/1 names.  */
|       && iconv_open ("UTF-8", "eucJP") == (iconv_t)(-1)
|       /* Try AIX names.  */
|       && iconv_open ("UTF-8", "IBM-eucJP") == (iconv_t)(-1)
|       /* Try HP-UX names.  */
|       && iconv_open ("utf8", "eucJP") == (iconv_t)(-1))
|     result |= 16;
|   return result;
| }
configure:20497: result: no
configure:20525: checking for iconv declaration
configure:20554: x86_64-w64-mingw32-gcc -c  -D__MSVCRT_VERSION__=0x0601  conftest.c >&5
configure:20554: $? = 0
configure:20565: result:
         extern size_t iconv (iconv_t cd, char * *inbuf, size_t *inbytesleft, char * *outbuf, size_t *outbytesleft);
configure:20577: checking for nl_langinfo and CODESET
configure:20593: x86_64-w64-mingw32-gcc -o conftest.exe  -D__MSVCRT_VERSION__=0x0601   conftest.c  >&5
conftest.c:59:10: fatal error: langinfo.h: No such file or directory
   59 | #include <langinfo.h>
      |          ^~~~~~~~~~~~
compilation terminated.
configure:20593: $? = 1
configure: failed program was:
| /* confdefs.h */
| #define PACKAGE_NAME "flac"
| #define PACKAGE_TARNAME "flac"
| #define PACKAGE_VERSION "1.3.3"
| #define PACKAGE_STRING "flac 1.3.3"
| #define PACKAGE_BUGREPORT "flac-dev@xiph.org"
| #define PACKAGE_URL "https://www.xiph.org/flac/"
| #define PACKAGE "flac"
| #define VERSION "1.3.3"
| #define NDEBUG /**/
| #define STDC_HEADERS 1
| #define HAVE_SYS_TYPES_H 1
| #define HAVE_SYS_STAT_H 1
| #define HAVE_STDLIB_H 1
| #define HAVE_STRING_H 1
| #define HAVE_MEMORY_H 1
| #define HAVE_STRINGS_H 1
| #define HAVE_INTTYPES_H 1
| #define HAVE_STDINT_H 1
| #define HAVE_UNISTD_H 1
| #define __EXTENSIONS__ 1
| #define _ALL_SOURCE 1
| #define _GNU_SOURCE 1
| #define _POSIX_PTHREAD_SEMANTICS 1
| #define _TANDEM_SOURCE 1
| #define LT_OBJDIR ".libs/"
| #define _FILE_OFFSET_BITS 64
| #define HAVE_FSEEKO 1
| #define SIZEOF_OFF_T 8
| #define SIZEOF_VOIDP 8
| #define HAVE_LROUND 1
| #define HAVE_C_VARARRAYS 1
| #define HAVE_CXX_VARARRAYS 1
| #define STDC_HEADERS 1
| #define HAVE_C_VARARRAYS 1
| #define HAVE_TYPEOF 1
| #define HAVE_STDINT_H 1
| #define HAVE_INTTYPES_H 1
| #define HAVE_SYS_PARAM_H 1
| #define HAVE_X86INTRIN_H 1
| #define HAVE_CPUID_H 1
| #define HAVE_BSWAP32 1
| #define HAVE_BSWAP16 1
| #define CPU_IS_BIG_ENDIAN 0
| #define CPU_IS_LITTLE_ENDIAN 1
| #define WORDS_BIGENDIAN 0
| #define HAVE_GETOPT_LONG 1
| #define SIZEOF_VOIDP 8
| #define FLAC__CPU_X86_64 1
| #define FLAC__HAS_X86INTRIN 1
| #define FLAC__ALIGN_MALLOC_DATA 1
| #define FLAC__USE_ALTIVEC 1
| #define FLAC__USE_VSX 1
| #define FLAC__USE_AVX 1
| #define ENABLE_64_BIT_WORDS 0
| #define FLAC__HAS_OGG 1
| #define ICONV_CONST 
| /* end confdefs.h.  */
| #include <langinfo.h>
| int
| main ()
| {
| char* cs = nl_langinfo(CODESET); return !cs;
|   ;
|   return 0;
| }
configure:20602: result: no
configure:20615: checking for docbook-to-man
configure:20645: result: no
configure:20615: checking for docbook2man
configure:20645: result: no
configure:20667: checking for clock_gettime in -lrt
configure:20692: x86_64-w64-mingw32-gcc -o conftest.exe  -D__MSVCRT_VERSION__=0x0601   conftest.c -lrt   >&5
/usr/lib/gcc/x86_64-w64-mingw32/11/../../../../x86_64-w64-mingw32/bin/ld: cannot find -lrt
collect2: error: ld returned 1 exit status
configure:20692: $? = 1
configure: failed program was:
| /* confdefs.h */
| #define PACKAGE_NAME "flac"
| #define PACKAGE_TARNAME "flac"
| #define PACKAGE_VERSION "1.3.3"
| #define PACKAGE_STRING "flac 1.3.3"
| #define PACKAGE_BUGREPORT "flac-dev@xiph.org"
| #define PACKAGE_URL "https://www.xiph.org/flac/"
| #define PACKAGE "flac"
| #define VERSION "1.3.3"
| #define NDEBUG /**/
| #define STDC_HEADERS 1
| #define HAVE_SYS_TYPES_H 1
| #define HAVE_SYS_STAT_H 1
| #define HAVE_STDLIB_H 1
| #define HAVE_STRING_H 1
| #define HAVE_MEMORY_H 1
| #define HAVE_STRINGS_H 1
| #define HAVE_INTTYPES_H 1
| #define HAVE_STDINT_H 1
| #define HAVE_UNISTD_H 1
| #define __EXTENSIONS__ 1
| #define _ALL_SOURCE 1
| #define _GNU_SOURCE 1
| #define _POSIX_PTHREAD_SEMANTICS 1
| #define _TANDEM_SOURCE 1
| #define LT_OBJDIR ".libs/"
| #define _FILE_OFFSET_BITS 64
| #define HAVE_FSEEKO 1
| #define SIZEOF_OFF_T 8
| #define SIZEOF_VOIDP 8
| #define HAVE_LROUND 1
| #define HAVE_C_VARARRAYS 1
| #define HAVE_CXX_VARARRAYS 1
| #define STDC_HEADERS 1
| #define HAVE_C_VARARRAYS 1
| #define HAVE_TYPEOF 1
| #define HAVE_STDINT_H 1
| #define HAVE_INTTYPES_H 1
| #define HAVE_SYS_PARAM_H 1
| #define HAVE_X86INTRIN_H 1
| #define HAVE_CPUID_H 1
| #define HAVE_BSWAP32 1
| #define HAVE_BSWAP16 1
| #define CPU_IS_BIG_ENDIAN 0
| #define CPU_IS_LITTLE_ENDIAN 1
| #define WORDS_BIGENDIAN 0
| #define HAVE_GETOPT_LONG 1
| #define SIZEOF_VOIDP 8
| #define FLAC__CPU_X86_64 1
| #define FLAC__HAS_X86INTRIN 1
| #define FLAC__ALIGN_MALLOC_DATA 1
| #define FLAC__USE_ALTIVEC 1
| #define FLAC__USE_VSX 1
| #define FLAC__USE_AVX 1
| #define ENABLE_64_BIT_WORDS 0
| #define FLAC__HAS_OGG 1
| #define ICONV_CONST 
| /* end confdefs.h.  */
| 
| /* Override any GCC internal prototype to avoid an error.
|    Use char because int might match the return type of a GCC
|    builtin and then its argument prototype would still apply.  */
| #ifdef __cplusplus
| extern "C"
| #endif
| char clock_gettime ();
| int
| main ()
| {
| return clock_gettime ();
|   ;
|   return 0;
| }
configure:20701: result: no
configure:20717: checking for nasm
configure:20733: found /cygdrive/c/TDM-GCC-64_header_ricardo/bin/nasm
configure:20744: result: nasm
configure:20778: checking for version of x86_64-w64-mingw32-gcc
configure:20781: result: 11
configure:20798: checking if x86_64-w64-mingw32-gcc accepts -Wdeclaration-after-statement
configure:20815: x86_64-w64-mingw32-gcc -o conftest.exe -Wdeclaration-after-statement -D__MSVCRT_VERSION__=0x0601   conftest.c  >&5
configure:20815: $? = 0
configure:20816: result: yes
configure:20830: checking whether to add -D_FORTIFY_SOURCE=2 to CPPFLAGS
configure:20846: x86_64-w64-mingw32-gcc -o conftest.exe -O3 -funroll-loops -Wall -Wextra -Wstrict-prototypes -Wmissing-prototypes -Waggregate-return -Wcast-align -Wnested-externs -Wshadow -Wundef -Wmissing-declarations -Winline  -Wdeclaration-after-statement -D__MSVCRT_VERSION__=0x0601   conftest.c  >&5
conftest.c:62:21: warning: function declaration isn't a prototype [-Wstrict-prototypes]
   62 |                 int main() {
      |                     ^~~~
configure:20846: $? = 0
configure:20848: result: yes
configure:20868: checking if x86_64-w64-mingw32-g++ accepts -Weffc++
configure:20886: x86_64-w64-mingw32-g++ -o conftest.exe -Weffc++ -D__MSVCRT_VERSION__=0x0601  -D_FORTIFY_SOURCE=2  conftest.cpp  >&5
configure:20886: $? = 0
configure:20887: result: yes
configure:20985: checking if x86_64-w64-mingw32-gcc accepts -msse2
configure:21002: x86_64-w64-mingw32-gcc -o conftest.exe -msse2 -D__MSVCRT_VERSION__=0x0601  -D_FORTIFY_SOURCE=2  conftest.c  >&5
configure:21002: $? = 0
configure:21003: result: yes
configure:21320: checking that generated files are newer than configure
configure:21326: result: done
configure:21442: creating ./config.status

## ---------------------- ##
## Running config.status. ##
## ---------------------- ##

This file was extended by flac config.status 1.3.3, which was
generated by GNU Autoconf 2.69.  Invocation command line was

  CONFIG_FILES    = 
  CONFIG_HEADERS  = 
  CONFIG_LINKS    = 
  CONFIG_COMMANDS = 
  $ ./config.status 

on Pereira

config.status:1345: creating Makefile
config.status:1345: creating src/Makefile
config.status:1345: creating src/libFLAC/Makefile
config.status:1345: creating src/libFLAC/flac.pc
config.status:1345: creating src/libFLAC/ia32/Makefile
config.status:1345: creating src/libFLAC/include/Makefile
config.status:1345: creating src/libFLAC/include/private/Makefile
config.status:1345: creating src/libFLAC/include/protected/Makefile
config.status:1345: creating src/libFLAC++/Makefile
config.status:1345: creating src/libFLAC++/flac++.pc
config.status:1345: creating src/flac/Makefile
config.status:1345: creating src/metaflac/Makefile
config.status:1345: creating src/plugin_common/Makefile
config.status:1345: creating src/plugin_xmms/Makefile
config.status:1345: creating src/share/Makefile
config.status:1345: creating src/test_grabbag/Makefile
config.status:1345: creating src/test_grabbag/cuesheet/Makefile
config.status:1345: creating src/test_grabbag/picture/Makefile
config.status:1345: creating src/test_libs_common/Makefile
config.status:1345: creating src/test_libFLAC/Makefile
config.status:1345: creating src/test_libFLAC++/Makefile
config.status:1345: creating src/test_seeking/Makefile
config.status:1345: creating src/test_streams/Makefile
config.status:1345: creating src/utils/Makefile
config.status:1345: creating src/utils/flacdiff/Makefile
config.status:1345: creating src/utils/flactimer/Makefile
config.status:1345: creating examples/Makefile
config.status:1345: creating examples/c/Makefile
config.status:1345: creating examples/c/decode/Makefile
config.status:1345: creating examples/c/decode/file/Makefile
config.status:1345: creating examples/c/encode/Makefile
config.status:1345: creating examples/c/encode/file/Makefile
config.status:1345: creating examples/cpp/Makefile
config.status:1345: creating examples/cpp/decode/Makefile
config.status:1345: creating examples/cpp/decode/file/Makefile
config.status:1345: creating examples/cpp/encode/Makefile
config.status:1345: creating examples/cpp/encode/file/Makefile
config.status:1345: creating include/Makefile
config.status:1345: creating include/FLAC/Makefile
config.status:1345: creating include/FLAC++/Makefile
config.status:1345: creating include/share/Makefile
config.status:1345: creating include/share/grabbag/Makefile
config.status:1345: creating include/test_libs_common/Makefile
config.status:1345: creating doc/Doxyfile
config.status:1345: creating doc/Makefile
config.status:1345: creating doc/html/Makefile
config.status:1345: creating doc/html/images/Makefile
config.status:1345: creating m4/Makefile
config.status:1345: creating man/Makefile
config.status:1345: creating test/common.sh
config.status:1345: creating test/Makefile
config.status:1345: creating test/cuesheets/Makefile
config.status:1345: creating test/flac-to-flac-metadata-test-files/Makefile
config.status:1345: creating test/metaflac-test-files/Makefile
config.status:1345: creating test/pictures/Makefile
config.status:1345: creating build/Makefile
config.status:1345: creating objs/Makefile
config.status:1345: creating objs/debug/Makefile
config.status:1345: creating objs/debug/bin/Makefile
config.status:1345: creating objs/debug/lib/Makefile
config.status:1345: creating objs/release/Makefile
config.status:1345: creating objs/release/bin/Makefile
config.status:1345: creating objs/release/lib/Makefile
config.status:1345: creating microbench/Makefile
config.status:1345: creating config.h
config.status:1574: executing depfiles commands
config.status:1651: cd src/libFLAC       && sed -e '/# am--include-marker/d' Makefile         | make -f - am--depfiles
config.status:1656: $? = 0
config.status:1651: cd src/libFLAC++       && sed -e '/# am--include-marker/d' Makefile         | make -f - am--depfiles
config.status:1656: $? = 0
config.status:1651: cd src/flac       && sed -e '/# am--include-marker/d' Makefile         | make -f - am--depfiles
config.status:1656: $? = 0
config.status:1651: cd src/metaflac       && sed -e '/# am--include-marker/d' Makefile         | make -f - am--depfiles
config.status:1656: $? = 0
config.status:1651: cd src/plugin_common       && sed -e '/# am--include-marker/d' Makefile         | make -f - am--depfiles
config.status:1656: $? = 0
config.status:1651: cd src/plugin_xmms       && sed -e '/# am--include-marker/d' Makefile         | make -f - am--depfiles
config.status:1656: $? = 0
config.status:1651: cd src/share       && sed -e '/# am--include-marker/d' Makefile         | make -f - am--depfiles
config.status:1656: $? = 0
config.status:1651: cd src/test_grabbag/cuesheet       && sed -e '/# am--include-marker/d' Makefile         | make -f - am--depfiles
config.status:1656: $? = 0
config.status:1651: cd src/test_grabbag/picture       && sed -e '/# am--include-marker/d' Makefile         | make -f - am--depfiles
config.status:1656: $? = 0
config.status:1651: cd src/test_libs_common       && sed -e '/# am--include-marker/d' Makefile         | make -f - am--depfiles
config.status:1656: $? = 0
config.status:1651: cd src/test_libFLAC       && sed -e '/# am--include-marker/d' Makefile         | make -f - am--depfiles
config.status:1656: $? = 0
config.status:1651: cd src/test_libFLAC++       && sed -e '/# am--include-marker/d' Makefile         | make -f - am--depfiles
config.status:1656: $? = 0
config.status:1651: cd src/test_seeking       && sed -e '/# am--include-marker/d' Makefile         | make -f - am--depfiles
config.status:1656: $? = 0
config.status:1651: cd src/test_streams       && sed -e '/# am--include-marker/d' Makefile         | make -f - am--depfiles
config.status:1656: $? = 0
config.status:1651: cd examples/c/decode/file       && sed -e '/# am--include-marker/d' Makefile         | make -f - am--depfiles
config.status:1656: $? = 0
config.status:1651: cd examples/c/encode/file       && sed -e '/# am--include-marker/d' Makefile         | make -f - am--depfiles
config.status:1656: $? = 0
config.status:1651: cd examples/cpp/decode/file       && sed -e '/# am--include-marker/d' Makefile         | make -f - am--depfiles
config.status:1656: $? = 0
config.status:1651: cd examples/cpp/encode/file       && sed -e '/# am--include-marker/d' Makefile         | make -f - am--depfiles
config.status:1656: $? = 0
config.status:1651: cd microbench       && sed -e '/# am--include-marker/d' Makefile         | make -f - am--depfiles
config.status:1656: $? = 0
config.status:1574: executing libtool commands
configure:23930: result:
-=-=-=-=-=-=-=-=-=-= Configuration Complete =-=-=-=-=-=-=-=-=-=-

  Configuration summary :

    FLAC version : ........................ 1.3.3

    Host CPU : ............................ x86_64
    Host Vendor : ......................... w64
    Host OS : ............................. mingw32


## ---------------- ##
## Cache variables. ##
## ---------------- ##

ac_cv_build=x86_64-unknown-cygwin
ac_cv_c_big_endian=0
ac_cv_c_bigendian=no
ac_cv_c_bswap16=yes
ac_cv_c_bswap32=yes
ac_cv_c_compiler_gnu=yes
ac_cv_c_inline=inline
ac_cv_c_little_endian=1
ac_cv_c_typeof=typeof
ac_cv_c_vararrays=yes
ac_cv_cxx_compiler_gnu=yes
ac_cv_env_CCASFLAGS_set=
ac_cv_env_CCASFLAGS_value=
ac_cv_env_CCAS_set=
ac_cv_env_CCAS_value=
ac_cv_env_CCC_set=
ac_cv_env_CCC_value=
ac_cv_env_CC_set=
ac_cv_env_CC_value=
ac_cv_env_CFLAGS_set=
ac_cv_env_CFLAGS_value=
ac_cv_env_CPPFLAGS_set=
ac_cv_env_CPPFLAGS_value=
ac_cv_env_CPP_set=
ac_cv_env_CPP_value=
ac_cv_env_CXXCPP_set=
ac_cv_env_CXXCPP_value=
ac_cv_env_CXXFLAGS_set=
ac_cv_env_CXXFLAGS_value=
ac_cv_env_CXX_set=
ac_cv_env_CXX_value=
ac_cv_env_LDFLAGS_set=
ac_cv_env_LDFLAGS_value=
ac_cv_env_LIBS_set=
ac_cv_env_LIBS_value=
ac_cv_env_LT_SYS_LIBRARY_PATH_set=
ac_cv_env_LT_SYS_LIBRARY_PATH_value=
ac_cv_env_build_alias_set=
ac_cv_env_build_alias_value=
ac_cv_env_host_alias_set=set
ac_cv_env_host_alias_value=x86_64-w64-mingw32
ac_cv_env_target_alias_set=
ac_cv_env_target_alias_value=
ac_cv_exeext=.exe
ac_cv_func_getopt_long=yes
ac_cv_header_byteswap_h=no
ac_cv_header_cpuid_h=yes
ac_cv_header_dlfcn_h=no
ac_cv_header_inttypes_h=yes
ac_cv_header_memory_h=yes
ac_cv_header_minix_config_h=no
ac_cv_header_stdc=yes
ac_cv_header_stdint_h=yes
ac_cv_header_stdlib_h=yes
ac_cv_header_string_h=yes
ac_cv_header_strings_h=yes
ac_cv_header_sys_ioctl_h=no
ac_cv_header_sys_param_h=yes
ac_cv_header_sys_stat_h=yes
ac_cv_header_sys_types_h=yes
ac_cv_header_termios_h=no
ac_cv_header_unistd_h=yes
ac_cv_header_x86intrin_h=yes
ac_cv_host=x86_64-w64-mingw32
ac_cv_lib_rt_clock_gettime=no
ac_cv_objext=o
ac_cv_path_EGREP='/usr/bin/grep -E'
ac_cv_path_FGREP='/usr/bin/grep -F'
ac_cv_path_GREP=/usr/bin/grep
ac_cv_path_SED=/usr/bin/sed
ac_cv_path_XMMS_CONFIG=no
ac_cv_path_install='/usr/bin/install -c'
ac_cv_path_lt_DD=/usr/bin/dd
ac_cv_path_mkdir=/usr/bin/mkdir
ac_cv_prog_AR=x86_64-w64-mingw32-ar
ac_cv_prog_AS=x86_64-w64-mingw32-as
ac_cv_prog_AWK=gawk
ac_cv_prog_CC=x86_64-w64-mingw32-gcc
ac_cv_prog_CPP='x86_64-w64-mingw32-gcc -E'
ac_cv_prog_CXX=x86_64-w64-mingw32-g++
ac_cv_prog_CXXCPP='x86_64-w64-mingw32-g++ -E'
ac_cv_prog_DLLTOOL=x86_64-w64-mingw32-dlltool
ac_cv_prog_NASM=nasm
ac_cv_prog_OBJDUMP=x86_64-w64-mingw32-objdump
ac_cv_prog_RANLIB=x86_64-w64-mingw32-ranlib
ac_cv_prog_STRIP=x86_64-w64-mingw32-strip
ac_cv_prog_cc_c89=
ac_cv_prog_cc_c99=
ac_cv_prog_cc_g=yes
ac_cv_prog_cc_stdc=
ac_cv_prog_cxx_g=yes
ac_cv_prog_make_make_set=yes
ac_cv_safe_to_define___extensions__=yes
ac_cv_search_lround='none required'
ac_cv_sizeof_off_t=8
ac_cv_sizeof_voidp=8
ac_cv_sys_file_offset_bits=64
ac_cv_sys_largefile_CC=no
ac_cv_sys_largefile_source=no
ac_cv_type_socklen_t=no
acl_cv_path_LD=/usr/x86_64-w64-mingw32/bin/ld.exe
acl_cv_prog_gnu_ld=yes
acl_cv_rpath=done
am_cv_CCAS_dependencies_compiler_type=gcc3
am_cv_CC_dependencies_compiler_type=gcc3
am_cv_CXX_dependencies_compiler_type=gcc3
am_cv_ar_interface=ar
am_cv_func_iconv=yes
am_cv_func_iconv_works=no
am_cv_langinfo_codeset=no
am_cv_lib_iconv=no
am_cv_make_support_nested_variables=yes
am_cv_prog_cc_c_o=yes
am_cv_prog_tar_pax=gnutar
am_cv_proto_iconv='extern size_t iconv (iconv_t cd, char * *inbuf, size_t *inbytesleft, char * *outbuf, size_t *outbytesleft);'
am_cv_proto_iconv_arg1=
lt_cv_ar_at_file=@
lt_cv_archive_cmds_need_lc=yes
lt_cv_deplibs_check_method='file_magic ^x86 archive import|^x86 DLL'
lt_cv_file_magic_cmd=func_win32_libid
lt_cv_file_magic_test_file=
lt_cv_ld_reload_flag=-r
lt_cv_nm_interface='BSD nm'
lt_cv_objdir=.libs
lt_cv_path_LD=/usr/x86_64-w64-mingw32/bin/ld.exe
lt_cv_path_LDCXX=/usr/x86_64-w64-mingw32/bin/ld.exe
lt_cv_path_NM='/usr/bin/x86_64-w64-mingw32-nm -B'
lt_cv_path_mainfest_tool=no
lt_cv_prog_compiler_c_o=yes
lt_cv_prog_compiler_c_o_CXX=yes
lt_cv_prog_compiler_pic='-DDLL_EXPORT -DPIC'
lt_cv_prog_compiler_pic_CXX='-DDLL_EXPORT -DPIC'
lt_cv_prog_compiler_pic_works=yes
lt_cv_prog_compiler_pic_works_CXX=yes
lt_cv_prog_compiler_rtti_exceptions=no
lt_cv_prog_compiler_static_works=yes
lt_cv_prog_compiler_static_works_CXX=yes
lt_cv_prog_gnu_ld=yes
lt_cv_prog_gnu_ldcxx=yes
lt_cv_sharedlib_from_linklib_cmd=func_cygming_dll_for_implib
lt_cv_sys_global_symbol_pipe='sed -n -e '\''s/^.*[	 ]\([ABCDGIRSTW][ABCDGIRSTW]*\)[	 ][	 ]*\([_A-Za-z][_A-Za-z0-9]*\)$/\1 \2 \2/p'\'' | sed '\''/ __gnu_lto/d'\'''
lt_cv_sys_global_symbol_to_c_name_address='sed -n -e '\''s/^: \(.*\) .*$/  {"\1", (void *) 0},/p'\'' -e '\''s/^[ABCDGIRSTW][ABCDGIRSTW]* .* \(.*\)$/  {"\1", (void *) \&\1},/p'\'''
lt_cv_sys_global_symbol_to_c_name_address_lib_prefix='sed -n -e '\''s/^: \(.*\) .*$/  {"\1", (void *) 0},/p'\'' -e '\''s/^[ABCDGIRSTW][ABCDGIRSTW]* .* \(lib.*\)$/  {"\1", (void *) \&\1},/p'\'' -e '\''s/^[ABCDGIRSTW][ABCDGIRSTW]* .* \(.*\)$/  {"lib\1", (void *) \&\1},/p'\'''
lt_cv_sys_global_symbol_to_cdecl='sed -n -e '\''s/^T .* \(.*\)$/extern int \1();/p'\'' -e '\''s/^[ABCDGIRSTW][ABCDGIRSTW]* .* \(.*\)$/extern char \1;/p'\'''
lt_cv_sys_global_symbol_to_import=
lt_cv_sys_max_cmd_len=8192
lt_cv_to_host_file_cmd=func_convert_file_cygwin_to_w32
lt_cv_to_tool_file_cmd=func_convert_file_noop
lt_cv_truncate_bin='/usr/bin/dd bs=4096 count=1'
xiph_cv_c_compiler_clang=no

## ----------------- ##
## Output variables. ##
## ----------------- ##

ACLOCAL='${SHELL} "/cygdrive/c/AMANDA AVA KOCI PEREIRA/nosso_trabalho/amanda_projects/project tabuleiro/flac_j/flac-1.3.3/missing" aclocal-1.16'
AMDEPBACKSLASH='\'
AMDEP_FALSE='#'
AMDEP_TRUE=''
AMTAR='$${TAR-tar}'
AM_BACKSLASH='\'
AM_DEFAULT_V='$(AM_DEFAULT_VERBOSITY)'
AM_DEFAULT_VERBOSITY='0'
AM_V='$(V)'
AR='x86_64-w64-mingw32-ar'
AS='x86_64-w64-mingw32-as'
AUTOCONF='${SHELL} "/cygdrive/c/AMANDA AVA KOCI PEREIRA/nosso_trabalho/amanda_projects/project tabuleiro/flac_j/flac-1.3.3/missing" autoconf'
AUTOHEADER='${SHELL} "/cygdrive/c/AMANDA AVA KOCI PEREIRA/nosso_trabalho/amanda_projects/project tabuleiro/flac_j/flac-1.3.3/missing" autoheader'
AUTOMAKE='${SHELL} "/cygdrive/c/AMANDA AVA KOCI PEREIRA/nosso_trabalho/amanda_projects/project tabuleiro/flac_j/flac-1.3.3/missing" automake-1.16'
AWK='gawk'
CC='x86_64-w64-mingw32-gcc'
CCAS='x86_64-w64-mingw32-gcc'
CCASDEPMODE='depmode=gcc3'
CCASFLAGS=''
CCDEPMODE='depmode=gcc3'
CFLAGS='-O3 -funroll-loops -Wall -Wextra -Wstrict-prototypes -Wmissing-prototypes -Waggregate-return -Wcast-align -Wnested-externs -Wshadow -Wundef -Wmissing-declarations -Winline  -Wdeclaration-after-statement -msse2'
CPP='x86_64-w64-mingw32-gcc -E'
CPPFLAGS='-D__MSVCRT_VERSION__=0x0601  -D_FORTIFY_SOURCE=2'
CXX='x86_64-w64-mingw32-g++'
CXXCPP='x86_64-w64-mingw32-g++ -E'
CXXDEPMODE='depmode=gcc3'
CXXFLAGS=' -Wall -Wextra -Wcast-align -Wshadow -Wwrite-strings -Wctor-dtor-privacy -Wnon-virtual-dtor -Wreorder -Wsign-promo -Wundef  -Weffc++'
CYGPATH_W='cygpath -w'
DEBUG_FALSE=''
DEBUG_TRUE='#'
DEFS='-DHAVE_CONFIG_H'
DEPDIR='.deps'
DLLTOOL='x86_64-w64-mingw32-dlltool'
DOCBOOK_TO_MAN=''
DOXYGEN=''
DSYMUTIL=''
DUMPBIN=''
ECHO_C=''
ECHO_N='-n'
ECHO_T=''
EGREP='/usr/bin/grep -E'
ENABLE_64_BIT_WORDS=''
EXAMPLES_FALSE='#'
EXAMPLES_TRUE=''
EXEEXT='.exe'
FGREP='/usr/bin/grep -F'
FLAC__CPU_X86_64_FALSE='#'
FLAC__CPU_X86_64_TRUE=''
FLAC__HAS_OGG='1'
FLAC__TEST_LEVEL='1'
FLAC__TEST_WITH_VALGRIND='no'
FLaC__CPU_IA32_FALSE=''
FLaC__CPU_IA32_TRUE='#'
FLaC__CPU_PPC64_FALSE=''
FLaC__CPU_PPC64_TRUE='#'
FLaC__CPU_PPC_FALSE=''
FLaC__CPU_PPC_TRUE='#'
FLaC__CPU_SPARC_FALSE=''
FLaC__CPU_SPARC_TRUE='#'
FLaC__HAS_DOCBOOK_TO_MAN_FALSE=''
FLaC__HAS_DOCBOOK_TO_MAN_TRUE='#'
FLaC__HAS_DOXYGEN_FALSE=''
FLaC__HAS_DOXYGEN_TRUE='#'
FLaC__HAS_NASM_FALSE='#'
FLaC__HAS_NASM_TRUE=''
FLaC__HAS_OGG_FALSE='#'
FLaC__HAS_OGG_TRUE=''
FLaC__HAS_XMMS_FALSE=''
FLaC__HAS_XMMS_TRUE='#'
FLaC__INSTALL_XMMS_PLUGIN_LOCALLY_FALSE=''
FLaC__INSTALL_XMMS_PLUGIN_LOCALLY_TRUE='#'
FLaC__NO_ASM_FALSE=''
FLaC__NO_ASM_TRUE='#'
FLaC__SYS_DARWIN_FALSE=''
FLaC__SYS_DARWIN_TRUE='#'
FLaC__SYS_LINUX_FALSE=''
FLaC__SYS_LINUX_TRUE='#'
FLaC__USE_ALTIVEC_FALSE='#'
FLaC__USE_ALTIVEC_TRUE=''
FLaC__USE_AVX_FALSE='#'
FLaC__USE_AVX_TRUE=''
FLaC__USE_VSX_FALSE='#'
FLaC__USE_VSX_TRUE=''
FLaC__WITH_CPPLIBS_FALSE='#'
FLaC__WITH_CPPLIBS_TRUE=''
GCC_MAJOR_VERSION='11'
GCC_MINOR_VERSION='11'
GCC_VERSION='11'
GREP='/usr/bin/grep'
INSTALL_DATA='${INSTALL} -m 644'
INSTALL_PROGRAM='${INSTALL}'
INSTALL_SCRIPT='${INSTALL}'
INSTALL_STRIP_PROGRAM='$(install_sh) -c -s'
LD='/usr/x86_64-w64-mingw32/bin/ld.exe'
LDFLAGS=''
LIBICONV=''
LIBOBJS=''
LIBS=''
LIBTOOL='$(SHELL) $(top_builddir)/libtool'
LIB_CLOCK_GETTIME=''
LIPO=''
LN_S='ln -s'
LTLIBICONV=''
LTLIBOBJS=''
LT_SYS_LIBRARY_PATH=''
MAKEINFO='${SHELL} "/cygdrive/c/AMANDA AVA KOCI PEREIRA/nosso_trabalho/amanda_projects/project tabuleiro/flac_j/flac-1.3.3/missing" makeinfo'
MANIFEST_TOOL=':'
MKDIR_P='/usr/bin/mkdir -p'
NASM='nasm'
NM='/usr/bin/x86_64-w64-mingw32-nm -B'
NMEDIT=''
OBJDUMP='x86_64-w64-mingw32-objdump'
OBJEXT='o'
OBJ_FORMAT='win32'
OGG_CFLAGS=''
OGG_LIBS=' -logg'
OGG_PACKAGE='ogg'
OS_IS_WINDOWS_FALSE='#'
OS_IS_WINDOWS_TRUE=''
OTOOL64=''
OTOOL=''
PACKAGE='flac'
PACKAGE_BUGREPORT='flac-dev@xiph.org'
PACKAGE_NAME='flac'
PACKAGE_STRING='flac 1.3.3'
PACKAGE_TARNAME='flac'
PACKAGE_URL='https://www.xiph.org/flac/'
PACKAGE_VERSION='1.3.3'
PATH_SEPARATOR=':'
RANLIB='x86_64-w64-mingw32-ranlib'
SED='/usr/bin/sed'
SET_MAKE=''
SHELL='/bin/sh'
STRIP='x86_64-w64-mingw32-strip'
VERSION='1.3.3'
XMMS_CFLAGS=''
XMMS_CONFIG='no'
XMMS_DATA_DIR=''
XMMS_EFFECT_PLUGIN_DIR=''
XMMS_GENERAL_PLUGIN_DIR=''
XMMS_INPUT_PLUGIN_DIR=''
XMMS_LIBS=''
XMMS_OUTPUT_PLUGIN_DIR=''
XMMS_PLUGIN_DIR=''
XMMS_VERSION=''
XMMS_VISUALIZATION_PLUGIN_DIR=''
ac_ct_AR=''
ac_ct_CC=''
ac_ct_CXX=''
ac_ct_DUMPBIN=''
am__EXEEXT_FALSE='#'
am__EXEEXT_TRUE=''
am__fastdepCCAS_FALSE='#'
am__fastdepCCAS_TRUE=''
am__fastdepCC_FALSE='#'
am__fastdepCC_TRUE=''
am__fastdepCXX_FALSE='#'
am__fastdepCXX_TRUE=''
am__include='include'
am__isrc=''
am__leading_dot='.'
am__nodep='_no'
am__quote=''
am__tar='tar --format=posix -chf - "$$tardir"'
am__untar='tar -xf -'
bindir='${exec_prefix}/bin'
build='x86_64-unknown-cygwin'
build_alias=''
build_cpu='x86_64'
build_os='cygwin'
build_vendor='unknown'
datadir='${datarootdir}'
datarootdir='${prefix}/share'
docdir='${datarootdir}/doc/${PACKAGE_TARNAME}'
dvidir='${docdir}'
exec_prefix='${prefix}'
host='x86_64-w64-mingw32'
host_alias='x86_64-w64-mingw32'
host_cpu='x86_64'
host_os='mingw32'
host_vendor='w64'
htmldir='${docdir}'
includedir='${prefix}/include'
infodir='${datarootdir}/info'
install_sh='${SHELL} '\''/cygdrive/c/AMANDA AVA KOCI PEREIRA/nosso_trabalho/amanda_projects/project tabuleiro/flac_j/flac-1.3.3/install-sh'\'''
libdir='${exec_prefix}/lib'
libexecdir='${exec_prefix}/libexec'
localedir='${datarootdir}/locale'
localstatedir='${prefix}/var'
mandir='${datarootdir}/man'
mkdir_p='$(MKDIR_P)'
oldincludedir='/usr/include'
pdfdir='${docdir}'
prefix='/usr/local'
program_transform_name='s,x,x,'
psdir='${docdir}'
runstatedir='${localstatedir}/run'
sbindir='${exec_prefix}/sbin'
sharedstatedir='${prefix}/com'
sysconfdir='${prefix}/etc'
target_alias=''

## ----------- ##
## confdefs.h. ##
## ----------- ##

/* confdefs.h */
#define PACKAGE_NAME "flac"
#define PACKAGE_TARNAME "flac"
#define PACKAGE_VERSION "1.3.3"
#define PACKAGE_STRING "flac 1.3.3"
#define PACKAGE_BUGREPORT "flac-dev@xiph.org"
#define PACKAGE_URL "https://www.xiph.org/flac/"
#define PACKAGE "flac"
#define VERSION "1.3.3"
#define NDEBUG /**/
#define STDC_HEADERS 1
#define HAVE_SYS_TYPES_H 1
#define HAVE_SYS_STAT_H 1
#define HAVE_STDLIB_H 1
#define HAVE_STRING_H 1
#define HAVE_MEMORY_H 1
#define HAVE_STRINGS_H 1
#define HAVE_INTTYPES_H 1
#define HAVE_STDINT_H 1
#define HAVE_UNISTD_H 1
#define __EXTENSIONS__ 1
#define _ALL_SOURCE 1
#define _GNU_SOURCE 1
#define _POSIX_PTHREAD_SEMANTICS 1
#define _TANDEM_SOURCE 1
#define LT_OBJDIR ".libs/"
#define _FILE_OFFSET_BITS 64
#define HAVE_FSEEKO 1
#define SIZEOF_OFF_T 8
#define SIZEOF_VOIDP 8
#define HAVE_LROUND 1
#define HAVE_C_VARARRAYS 1
#define HAVE_CXX_VARARRAYS 1
#define STDC_HEADERS 1
#define HAVE_C_VARARRAYS 1
#define HAVE_TYPEOF 1
#define HAVE_STDINT_H 1
#define HAVE_INTTYPES_H 1
#define HAVE_SYS_PARAM_H 1
#define HAVE_X86INTRIN_H 1
#define HAVE_CPUID_H 1
#define HAVE_BSWAP32 1
#define HAVE_BSWAP16 1
#define CPU_IS_BIG_ENDIAN 0
#define CPU_IS_LITTLE_ENDIAN 1
#define WORDS_BIGENDIAN 0
#define HAVE_GETOPT_LONG 1
#define SIZEOF_VOIDP 8
#define FLAC__CPU_X86_64 1
#define FLAC__HAS_X86INTRIN 1
#define FLAC__ALIGN_MALLOC_DATA 1
#define FLAC__USE_ALTIVEC 1
#define FLAC__USE_VSX 1
#define FLAC__USE_AVX 1
#define ENABLE_64_BIT_WORDS 0
#define FLAC__HAS_OGG 1
#define ICONV_CONST 
#define FLAC__HAS_NASM 1

configure: exit 0
